#
# A fatal error has been detected by the Java Runtime Environment:
#
#  SIGSEGV (0xb) at pc=0x000076abe07a9fb7, pid=74301, tid=74302
#
# JRE version: OpenJDK Runtime Environment JBR-25.0.2+10-329.72-jcef (25.0.2+10) (build 25.0.2+10-b329.72)
# Java VM: OpenJDK 64-Bit Server VM JBR-25.0.2+10-329.72-jcef (25.0.2+10-b329.72, mixed mode, sharing, tiered, compressed oops, compressed class ptrs, g1 gc, linux-amd64)
# Problematic frame:
# V  [libjvm.so+0xda9fb7]  MethodData::extra_data_lock()+0x7
#
# Core dump will be written. Default location: Core dumps may be processed with "/usr/lib/systemd/systemd-coredump %P %u %g %s %t 9223372036854775808 %h %d" (or dumping to /home/vadprog/Documents/IT-project/final-repeat-project/repeat-project-piter/WebTest/core.74301)
#
# If you would like to submit a bug report, please visit:
#   https://youtrack.jetbrains.com/issues/JBR
#

---------------  S U M M A R Y ------------

Command Line: -Djava.rmi.server.hostname=127.0.0.1 -Duser.timezone=UTC -Xmx2048m -Xms128m --add-exports=java.desktop/sun.awt=ALL-UNNAMED --add-exports=java.desktop/java.awt.peer=ALL-UNNAMED --add-opens=java.desktop/java.awt=ALL-UNNAMED --add-opens=jdk.unsupported/sun.misc=ALL-UNNAMED --add-opens=java.base/java.nio=ALL-UNNAMED --add-opens=java.base/java.util=ALL-UNNAMED -Dfile.encoding=UTF-8 -Dsun.stdout.encoding=UTF-8 -Dsun.stderr.encoding=UTF-8 -Dawt.toolkit.name=XToolkit com.intellij.database.remote.RemoteJdbcServer org.postgresql.Driver

Host: 12th Gen Intel(R) Core(TM) i5-12400F, 12 cores, 31G, Linux Mint 22.3 Zena
Time: Thu May 28 17:52:50 2026 MSK elapsed time: 0.197786 seconds (0d 0h 0m 0s)

---------------  T H R E A D  ---------------

Current thread (0x000076abd802b7d0):  JavaThread "main"             [_thread_in_vm, id=74302, stack(0x000076abdf817000,0x000076abdf917000) (1024K)]

Stack: [0x000076abdf817000,0x000076abdf917000],  sp=0x000076abdf9141c0,  free space=1012k
Native frames: (J=compiled Java code, j=interpreted, Vv=VM code, C=native code)
V  [libjvm.so+0xda9fb7]  MethodData::extra_data_lock()+0x7
V  [libjvm.so+0x7917c7]  Deoptimization::update_method_data_from_interpreter(MethodData*, int, int)+0x67
V  [libjvm.so+0x9eb09a]  InterpreterRuntime::note_trap(JavaThread*, int)+0x10a
V  [libjvm.so+0x9eb2d5]  InterpreterRuntime::create_exception(JavaThread*, char*, char*)+0x175
j  org.bouncycastle.math.ec.custom.sec.SecT193R2Point.<init>(Lorg/bouncycastle/math/ec/ECCurve;Lorg/bouncycastle/math/ec/ECFieldElement;Lorg/bouncycastle/math/ec/ECFieldElement;)V+0
j  org.bouncycastle.math.ec.custom.sec.SecT193R2Curve.createRawPoint(Lorg/bouncycastle/math/ec/ECFieldElement;Lorg/bouncycastle/math/ec/ECFieldElement;)Lorg/bouncycastle/math/ec/ECPoint;+7
j  org.bouncycastle.math.ec.ECCurve$AbstractF2m.createPoint(Ljava/math/BigInteger;Ljava/math/BigInteger;)Lorg/bouncycastle/math/ec/ECPoint;+97
j  org.bouncycastle.math.ec.ECCurve.validatePoint(Ljava/math/BigInteger;Ljava/math/BigInteger;)Lorg/bouncycastle/math/ec/ECPoint;+3
j  org.bouncycastle.math.ec.ECCurve.decodePoint([B)Lorg/bouncycastle/math/ec/ECPoint;+187
j  org.bouncycastle.asn1.x9.X9ECPoint.getPoint()Lorg/bouncycastle/math/ec/ECPoint;+19
j  org.bouncycastle.crypto.ec.CustomNamedCurves.configureBasepoint(Lorg/bouncycastle/math/ec/ECCurve;Ljava/lang/String;)Lorg/bouncycastle/asn1/x9/X9ECPoint;+14
j  org.bouncycastle.crypto.ec.CustomNamedCurves.access$100(Lorg/bouncycastle/math/ec/ECCurve;Ljava/lang/String;)Lorg/bouncycastle/asn1/x9/X9ECPoint;+2
j  org.bouncycastle.crypto.ec.CustomNamedCurves$22.createParameters()Lorg/bouncycastle/asn1/x9/X9ECParameters;+14
j  org.bouncycastle.asn1.x9.X9ECParametersHolder.getParameters()Lorg/bouncycastle/asn1/x9/X9ECParameters;+9
j  org.bouncycastle.crypto.ec.CustomNamedCurves.getByName(Ljava/lang/String;)Lorg/bouncycastle/asn1/x9/X9ECParameters;+14
j  org.bouncycastle.jce.ECNamedCurveTable.getParameterSpec(Ljava/lang/String;)Lorg/bouncycastle/jce/spec/ECNamedCurveParameterSpec;+39
j  org.bouncycastle.jcajce.provider.asymmetric.EC.<clinit>()V+78
v  ~StubRoutines::call_stub 0x000076abcbf37fa4
V  [libjvm.so+0x9f5940]  JavaCalls::call_helper(JavaValue*, methodHandle const&, JavaCallArguments*, JavaThread*)+0x2b0
V  [libjvm.so+0x9cdccc]  InstanceKlass::call_class_initializer(JavaThread*)+0x2bc
V  [libjvm.so+0x9cee32]  InstanceKlass::initialize_impl(JavaThread*)+0x6f2
V  [libjvm.so+0xc99261]  LinkResolver::resolve_static_call(CallInfo&, LinkInfo const&, bool, JavaThread*)+0x2c1
V  [libjvm.so+0xc99903]  LinkResolver::resolve_invoke(CallInfo&, Handle, constantPoolHandle const&, int, Bytecodes::Code, JavaThread*)+0x163
V  [libjvm.so+0x9ed00f]  InterpreterRuntime::resolve_invoke(JavaThread*, Bytecodes::Code)+0x18f
V  [libjvm.so+0x9ed5b5]  InterpreterRuntime::resolve_from_cache(JavaThread*, Bytecodes::Code)+0x105
j  org.bouncycastle.jcajce.provider.asymmetric.EC$Mappings.configure(Lorg/bouncycastle/jcajce/provider/config/ConfigurableProvider;)V+5
j  org.bouncycastle.jce.provider.BouncyCastleProvider.loadServiceClass(Ljava/lang/String;Ljava/lang/String;)V+42
j  org.bouncycastle.jce.provider.BouncyCastleProvider.loadAlgorithms(Ljava/lang/String;[Ljava/lang/String;)V+13
j  org.bouncycastle.jce.provider.BouncyCastleProvider.setup()V+51
j  org.bouncycastle.jce.provider.BouncyCastleProvider.access$000(Lorg/bouncycastle/jce/provider/BouncyCastleProvider;)V+1
j  org.bouncycastle.jce.provider.BouncyCastleProvider$1.run()Ljava/lang/Object;+4
j  java.security.AccessController.doPrivileged(Ljava/security/PrivilegedAction;)Ljava/lang/Object;+1 java.base@25.0.2
j  org.bouncycastle.jce.provider.BouncyCastleProvider.<init>()V+31
j  com.intellij.database.remote.util.BCSslEntityReader.<clinit>()V+4
v  ~StubRoutines::call_stub 0x000076abcbf37fa4
V  [libjvm.so+0x9f5940]  JavaCalls::call_helper(JavaValue*, methodHandle const&, JavaCallArguments*, JavaThread*)+0x2b0
V  [libjvm.so+0x9cdccc]  InstanceKlass::call_class_initializer(JavaThread*)+0x2bc
V  [libjvm.so+0x9cee32]  InstanceKlass::initialize_impl(JavaThread*)+0x6f2
V  [libjvm.so+0x9ea5d8]  InterpreterRuntime::_new(JavaThread*, ConstantPool*, int)+0x138
j  com.intellij.database.remote.RemoteJdbcServer.main([Ljava/lang/String;)V+0
v  ~StubRoutines::call_stub 0x000076abcbf37fa4
V  [libjvm.so+0x9f5940]  JavaCalls::call_helper(JavaValue*, methodHandle const&, JavaCallArguments*, JavaThread*)+0x2b0
V  [libjvm.so+0xab0ea3]  jni_invoke_static(JNIEnv_*, JavaValue*, _jobject*, JNICallType, _jmethodID*, JNI_ArgumentPusher*, JavaThread*) [clone .constprop.1]+0x363
V  [libjvm.so+0xab3448]  jni_CallStaticVoidMethod+0x128
C  [libjli.so+0x39dc]  invokeStaticMainWithArgs+0x4c
C  [libjli.so+0x4a1a]  JavaMain+0xe5a
C  [libjli.so+0x7c29]  ThreadJavaMain+0x9
C  [libc.so.6+0x9caa4]
Java frames: (J=compiled Java code, j=interpreted, Vv=VM code)
j  org.bouncycastle.math.ec.custom.sec.SecT193R2Point.<init>(Lorg/bouncycastle/math/ec/ECCurve;Lorg/bouncycastle/math/ec/ECFieldElement;Lorg/bouncycastle/math/ec/ECFieldElement;)V+0
j  org.bouncycastle.math.ec.custom.sec.SecT193R2Curve.createRawPoint(Lorg/bouncycastle/math/ec/ECFieldElement;Lorg/bouncycastle/math/ec/ECFieldElement;)Lorg/bouncycastle/math/ec/ECPoint;+7
j  org.bouncycastle.math.ec.ECCurve$AbstractF2m.createPoint(Ljava/math/BigInteger;Ljava/math/BigInteger;)Lorg/bouncycastle/math/ec/ECPoint;+97
j  org.bouncycastle.math.ec.ECCurve.validatePoint(Ljava/math/BigInteger;Ljava/math/BigInteger;)Lorg/bouncycastle/math/ec/ECPoint;+3
j  org.bouncycastle.math.ec.ECCurve.decodePoint([B)Lorg/bouncycastle/math/ec/ECPoint;+187
j  org.bouncycastle.asn1.x9.X9ECPoint.getPoint()Lorg/bouncycastle/math/ec/ECPoint;+19
j  org.bouncycastle.crypto.ec.CustomNamedCurves.configureBasepoint(Lorg/bouncycastle/math/ec/ECCurve;Ljava/lang/String;)Lorg/bouncycastle/asn1/x9/X9ECPoint;+14
j  org.bouncycastle.crypto.ec.CustomNamedCurves.access$100(Lorg/bouncycastle/math/ec/ECCurve;Ljava/lang/String;)Lorg/bouncycastle/asn1/x9/X9ECPoint;+2
j  org.bouncycastle.crypto.ec.CustomNamedCurves$22.createParameters()Lorg/bouncycastle/asn1/x9/X9ECParameters;+14
j  org.bouncycastle.asn1.x9.X9ECParametersHolder.getParameters()Lorg/bouncycastle/asn1/x9/X9ECParameters;+9
j  org.bouncycastle.crypto.ec.CustomNamedCurves.getByName(Ljava/lang/String;)Lorg/bouncycastle/asn1/x9/X9ECParameters;+14
j  org.bouncycastle.jce.ECNamedCurveTable.getParameterSpec(Ljava/lang/String;)Lorg/bouncycastle/jce/spec/ECNamedCurveParameterSpec;+39
j  org.bouncycastle.jcajce.provider.asymmetric.EC.<clinit>()V+78
v  ~StubRoutines::call_stub 0x000076abcbf37fa4
j  org.bouncycastle.jcajce.provider.asymmetric.EC$Mappings.configure(Lorg/bouncycastle/jcajce/provider/config/ConfigurableProvider;)V+5
j  org.bouncycastle.jce.provider.BouncyCastleProvider.loadServiceClass(Ljava/lang/String;Ljava/lang/String;)V+42
j  org.bouncycastle.jce.provider.BouncyCastleProvider.loadAlgorithms(Ljava/lang/String;[Ljava/lang/String;)V+13
j  org.bouncycastle.jce.provider.BouncyCastleProvider.setup()V+51
j  org.bouncycastle.jce.provider.BouncyCastleProvider.access$000(Lorg/bouncycastle/jce/provider/BouncyCastleProvider;)V+1
j  org.bouncycastle.jce.provider.BouncyCastleProvider$1.run()Ljava/lang/Object;+4
j  java.security.AccessController.doPrivileged(Ljava/security/PrivilegedAction;)Ljava/lang/Object;+1 java.base@25.0.2
j  org.bouncycastle.jce.provider.BouncyCastleProvider.<init>()V+31
j  com.intellij.database.remote.util.BCSslEntityReader.<clinit>()V+4
v  ~StubRoutines::call_stub 0x000076abcbf37fa4
j  com.intellij.database.remote.RemoteJdbcServer.main([Ljava/lang/String;)V+0
v  ~StubRoutines::call_stub 0x000076abcbf37fa4

siginfo: si_signo: 11 (SIGSEGV), si_code: 1 (SEGV_MAPERR), si_addr: 0x0000000000000019

Registers:
RAX=0x000076abe10b7a2b, RBX=0x000076abd801aae0, RCX=0x0000000000000005, RDX=0x00005e67f1fd3f70
RSP=0x000076abdf9141c0, RBP=0x000076abdf9141d0, RSI=0x0000000000000000, RDI=0x0000000000000001
R8 =0x000076abcbf3ed08, R9 =0x000076abcbf37000, R10=0x000076abe149c000, R11=0x0000000085f311d4
R12=0x0000000000000001, R13=0x000076abd802b7d0, R14=0x0000000000000001, R15=0x0000000000000000
RIP=0x000076abe07a9fb7, EFLAGS=0x0000000000010206, CSGSFS=0x002b000000000033, ERR=0x0000000000000004
  TRAPNO=0x000000000000000e

XMM[0]=0x000076abd802b7d0 0x000076ab9c5f9910
XMM[1]=0x000076abcbf42a07 0x000076abdf914370
XMM[2]=0x0000000000000000 0x000076abcbf3ed08
XMM[3]=0x000076abdf9143b8 0x0000000000000000
XMM[4]=0x0000000000000000 0x000076abd802b7d0
XMM[5]=0x0000000000000000 0x000076abd802b7d0
XMM[6]=0x0000000000000000 0x000076ab9c533808
XMM[7]=0x0000000000000000 0x000076ab9c533310
XMM[8]=0x0000000000000000 0x000076ab9c530708
XMM[9]=0x0000000000000000 0x0bbe4f561a95e8b4
XMM[10]=0x0000000000000000 0x000000000ed7995e
XMM[11]=0x0000000000000000 0xedb0f2ef0846dba3
XMM[12]=0x0000000000000000 0x000000001a95e8b4
XMM[13]=0x0000000000000000 0x815ea5ae196e3567
XMM[14]=0x0000000000000000 0xf0b1eb3deea956f1
XMM[15]=0x0000000000000000 0x0000000000000000
  MXCSR=0x00001fa2


Register to memory mapping:

RAX=0x000076abe10b7a2b: <offset 0x00000000016b7a2b> in /home/vadprog/Downloads/Idea/idea-IU-251.25410.129/jbr/lib/server/libjvm.so at 0x000076abdfa00000
RBX=0x000076abd801aae0 points into unknown readable memory: 0x000076acb2bc0002 | 02 00 bc b2 ac 76 00 00
RCX=0x0000000000000005 is an unknown value
RDX=0x00005e67f1fd3f70 points into unknown readable memory: 0x0000000000000003 | 03 00 00 00 00 00 00 00
RSP=0x000076abdf9141c0 is pointing into the stack for thread: 0x000076abd802b7d0
RBP=0x000076abdf9141d0 is pointing into the stack for thread: 0x000076abd802b7d0
RSI=0x0 is null
RDI=0x0000000000000001 is an unknown value
R8 =0x000076abcbf3ed08 is at code_begin+-88 in 
[CodeBlob kind:2 (0x000076abcbf3ed08)]
Framesize: 0
BufferBlob (0x000076abcbf3ed08) used for Interpreter
R9 =0x000076abcbf37000 points into unknown readable memory: 0x0000000100000006 | 06 00 00 00 01 00 00 00
R10=0x000076abe149c000 points into unknown readable memory: 0x0100050403020100 | 00 01 02 03 04 05 00 01
R11=
[error occurred during error reporting (printing register info), id 0xb, SIGSEGV (0xb) at pc=0x000076abe02aa9d0]
R12=0x0000000000000001 is an unknown value
R13=0x000076abd802b7d0 is a thread
R14=0x0000000000000001 is an unknown value
R15=0x0 is null

Top of Stack: (sp=0x000076abdf9141c0)
0x000076abdf9141c0:   000076abd801aae0 0000000000000001   .....v..........
0x000076abdf9141d0:   000076abdf914240 000076abe01917c7   @B...v.......v..
0x000076abdf9141e0:   0000000000000000 00000000000003d8   ................
0x000076abdf9141f0:   000076abd802d880 58d0baeb00000000   .....v.........X
0x000076abdf914200:   000076abd802d4a8 000076abd802d490   .....v.......v..
0x000076abdf914210:   0000000000000000 0000000000000001   ................
0x000076abdf914220:   0000000000000000 000076abd802b7d0   .............v..
0x000076abdf914230:   0000000000000001 000076abdf9142b0   .........B...v..
0x000076abdf914240:   000076abdf914320 000076abe03eb09a    C...v....>..v..
0x000076abdf914250:   00000000860d25d8 000076abd8163cd0   .%.......<...v..
0x000076abdf914260:   000076abd8110150 0000000000000001   P....v..........
0x000076abdf914270:   000076abdf914370 000076abcbf42a07   pC...v...*...v..
0x000076abdf914280:   000076abcbf3ed08 0000000000000000   .....v..........
0x000076abdf914290:   0000000000000000 000076abdf9143b8   .........C...v..
0x000076abdf9142a0:   000076abdf914370 000000000000001e   pC...v..........
0x000076abdf9142b0:   000076ab9c5f9910 000076abd802b7d0   .._..v.......v..
0x000076abdf9142c0:   000076abcbf3ed08 0000000000000000   .....v..........
0x000076abdf9142d0:   0000000000000000 000076abdf9143b8   .........C...v..
0x000076abdf9142e0:   000076abdf914370 000076abe0ab2dc3   pC...v...-...v..
0x000076abdf9142f0:   000076abe10ab630 000076abd802b7d0   0....v.......v..
0x000076abdf914300:   0000000021b2a368 0000000000000000   h..!............
0x000076abdf914310:   000076abdf9143e0 000076abd802b7d0   .C...v.......v..
0x000076abdf914320:   000076abdf914350 000076abe03eb2d5   PC...v....>..v..
0x000076abdf914330:   0000760100000004 000076ab9c5f9910   .....v...._..v..
0x000076abdf914340:   0000000000000000 000076ab9c5f9908   .........._..v..
0x000076abdf914350:   000076abdf9143b8 000076abcbf42a3c   .C...v..<*...v..
0x000076abdf914360:   000076ab9c51e1c0 000076abcbf42a07   ..Q..v...*...v..
0x000076abdf914370:   fffffffffffffff7 000076ab9c5f9908   .........._..v..
0x000076abdf914380:   0000000000000005 000076ab9c5fad00   .........._..v..
0x000076abdf914390:   00000000000000d1 0000000085f2f910   ................
0x000076abdf9143a0:   000076ab9c5f9910 0000000000000000   .._..v..........
0x000076abdf9143b0:   000076abdf9143c8 000076abdf914438   .C...v..8D...v..

Instructions: (pc=0x000076abe07a9fb7)
  0x000076abe07a9eb7:   30 48 63 d2 48 89 f7 48 c1 e2 03 48 29 d7 48 39
  0x000076abe07a9ec7:   fe 76 3e 48 83 ee 01 48 29 fe 48 c1 ee 03 48 8d
  0x000076abe07a9ed7:   14 f5 08 00 00 00 31 f6 e9 6c 24 53 ff 0f 1f 40
  0x000076abe07a9ee7:   00 0f b6 06 3c 01 0f 86 a5 00 00 00 3c 0d 0f 85
  0x000076abe07a9ef7:   a7 00 00 00 bf 10 00 00 00 48 01 f7 48 39 fe 72
  0x000076abe07a9f07:   08 c3 0f 1f 80 00 00 00 00 48 63 d2 48 89 f0 48
  0x000076abe07a9f17:   c1 e2 03 48 f7 d0 48 89 d1 48 01 f8 48 f7 d9 48
  0x000076abe07a9f27:   83 fa f8 74 54 48 83 f8 1f 76 4e 48 c1 e8 03 4c
  0x000076abe07a9f37:   8d 04 0e 48 8d 50 01 31 c0 48 89 d7 48 d1 ef 48
  0x000076abe07a9f47:   c1 e7 04 66 0f 1f 44 00 00 f3 0f 6f 04 06 41 0f
  0x000076abe07a9f57:   11 04 00 48 83 c0 10 48 39 f8 75 ed 48 89 d7 48
  0x000076abe07a9f67:   83 e7 fe 48 8d 04 fe 48 39 fa 74 95 48 8b 10 48
  0x000076abe07a9f77:   89 14 08 c3 0f 1f 44 00 00 48 8b 06 48 83 c6 08
  0x000076abe07a9f87:   48 89 44 0e f8 48 39 f7 77 ef c3 66 0f 1f 44 00
  0x000076abe07a9f97:   00 bf 08 00 00 00 e9 5e ff ff ff 55 48 89 f7 48
  0x000076abe07a9fa7:   89 e5 e8 42 b1 ff ff 66 90 55 48 89 e5 41 54 53
=>0x000076abe07a9fb7:   4c 8b 67 18 4d 85 e4 74 10 4c 89 e0 5b 41 5c 5d
  0x000076abe07a9fc7:   c3 0f 1f 84 00 00 00 00 00 31 d2 48 89 fb be 16
  0x000076abe07a9fd7:   00 00 00 bf 68 00 00 00 e8 ac 1e 6f ff b9 01 00
  0x000076abe07a9fe7:   00 00 48 8d 15 c4 9a 55 00 be 14 00 00 00 48 89
  0x000076abe07a9ff7:   c7 49 89 c4 48 83 c3 18 e8 cc 51 02 00 31 c0 f0
  0x000076abe07aa007:   4c 0f b1 23 48 89 c3 48 85 c0 74 ad 4d 85 e4 74
  0x000076abe07aa017:   18 4c 89 e7 e8 80 51 02 00 4c 89 e7 49 89 dc e8
  0x000076abe07aa027:   65 1f 6f ff eb 93 0f 1f 00 49 89 c4 eb 8b 90 66
  0x000076abe07aa037:   2e 0f 1f 84 00 00 00 00 00 c3 90 66 66 2e 0f 1f
  0x000076abe07aa047:   84 00 00 00 00 00 0f 1f 00 55 48 89 e5 41 54 49
  0x000076abe07aa057:   89 fc 53 48 8b 9f b8 00 00 00 48 85 db 74 1b 66
  0x000076abe07aa067:   2e 0f 1f 84 00 00 00 00 00 48 89 df 48 8b 5b 08
  0x000076abe07aa077:   e8 14 1f 6f ff 48 85 db 75 ef 49 83 8c 24 b8 00
  0x000076abe07aa087:   00 00 01 5b 41 5c 5d c3 90 55 48 89 e5 41 54 49
  0x000076abe07aa097:   89 fc 53 48 8b 9f b8 00 00 00 48 85 db 74 1b 66
  0x000076abe07aa0a7:   2e 0f 1f 84 00 00 00 00 00 48 89 df 48 8b 5b 08


Stack slot to memory mapping:

stack at sp + 0 slots: 0x000076abd801aae0 points into unknown readable memory: 0x000076acb2bc0002 | 02 00 bc b2 ac 76 00 00
stack at sp + 1 slots: 0x0000000000000001 is an unknown value
stack at sp + 2 slots: 0x000076abdf914240 is pointing into the stack for thread: 0x000076abd802b7d0
stack at sp + 3 slots: 0x000076abe01917c7: <offset 0x00000000007917c7> in /home/vadprog/Downloads/Idea/idea-IU-251.25410.129/jbr/lib/server/libjvm.so at 0x000076abdfa00000
stack at sp + 4 slots: 0x0 is null
stack at sp + 5 slots: 0x00000000000003d8 is an unknown value
stack at sp + 6 slots: 0x000076abd802d880 points into unknown readable memory: 0x0000000000000000 | 00 00 00 00 00 00 00 00
stack at sp + 7 slots: 0x58d0baeb00000000 is an unknown value

Lock stack of current Java thread (top to bottom):
LockStack[1]: org.bouncycastle.asn1.x9.X9ECPoint 
{0x0000000085f2ffe0} - klass: 'org/bouncycastle/asn1/x9/X9ECPoint' - flags: 

 - ---- fields (total size 3 words):
 - private final 'encoding' 'Lorg/bouncycastle/asn1/ASN1OctetString;' @12  a 'org/bouncycastle/asn1/DEROctetString'{0x0000000085f30040} (0x85f30040)
 - private 'c' 'Lorg/bouncycastle/math/ec/ECCurve;' @16  a 'org/bouncycastle/math/ec/custom/sec/SecT193R2Curve'{0x0000000085f2fac0} (0x85f2fac0)
 - private 'p' 'Lorg/bouncycastle/math/ec/ECPoint;' @20  null (0x00000000)
LockStack[0]: org.bouncycastle.crypto.ec.CustomNamedCurves$22 
{0x000000008504d0e0} - klass: 'org/bouncycastle/crypto/ec/CustomNamedCurves$22' - flags: 

 - ---- fields (total size 3 words):
 - private 'curve' 'Lorg/bouncycastle/math/ec/ECCurve;' @12  a 'org/bouncycastle/math/ec/custom/sec/SecT193R2Curve'{0x0000000085f2fac0} (0x85f2fac0)
 - private 'params' 'Lorg/bouncycastle/asn1/x9/X9ECParameters;' @16  null (0x00000000)


---------------  P R O C E S S  ---------------

Threads class SMR info:
_java_thread_list=0x000076ab7c13c070, length=12, elements={
0x000076abd802b7d0, 0x000076abd8100150, 0x000076abd8103900, 0x000076abd8105140,
0x000076abd81073b0, 0x000076abd8108ce0, 0x000076abd810a560, 0x000076abd810c360,
0x000076abd810dd50, 0x000076abd815b480, 0x000076ab7c071df0, 0x000076ab7c13abd0
}

Java Threads: ( => current thread )
=>0x000076abd802b7d0 JavaThread "main"                              [_thread_in_vm, id=74302, stack(0x000076abdf817000,0x000076abdf917000) (1024K)]
  0x000076abd8100150 JavaThread "Common-Cleaner"             daemon [_thread_blocked, id=74313, stack(0x000076abb5bfd000,0x000076abb5cfd000) (1024K)]
  0x000076abd8103900 JavaThread "Reference Handler"          daemon [_thread_blocked, id=74314, stack(0x000076abb5300000,0x000076abb5400000) (1024K)]
  0x000076abd8105140 JavaThread "Finalizer"                  daemon [_thread_blocked, id=74315, stack(0x000076abb5200000,0x000076abb5300000) (1024K)]
  0x000076abd81073b0 JavaThread "Signal Dispatcher"          daemon [_thread_blocked, id=74316, stack(0x000076abb5100000,0x000076abb5200000) (1024K)]
  0x000076abd8108ce0 JavaThread "Service Thread"             daemon [_thread_blocked, id=74317, stack(0x000076abb5000000,0x000076abb5100000) (1024K)]
  0x000076abd810a560 JavaThread "Monitor Deflation Thread"   daemon [_thread_blocked, id=74318, stack(0x000076abb4f00000,0x000076abb5000000) (1024K)]
  0x000076abd810c360 JavaThread "C2 CompilerThread0"         daemon [_thread_blocked, id=74319, stack(0x000076abb4e00000,0x000076abb4f00000) (1024K)]
  0x000076abd810dd50 JavaThread "C1 CompilerThread0"         daemon [_thread_blocked, id=74320, stack(0x000076abb4d00000,0x000076abb4e00000) (1024K)]
  0x000076abd815b480 JavaThread "Notification Thread"        daemon [_thread_blocked, id=74321, stack(0x000076abb4c00000,0x000076abb4d00000) (1024K)]
  0x000076ab7c071df0 JavaThread "C2 CompilerThread1"         daemon [_thread_blocked, id=74322, stack(0x000076abb4b00000,0x000076abb4c00000) (1024K)]
  0x000076ab7c13abd0 JavaThread "C2 CompilerThread2"         daemon [_thread_blocked, id=74323, stack(0x000076abb4a00000,0x000076abb4b00000) (1024K)]
Total: 12

Other Threads:
  0x000076abd80f73d0 VMThread "VM Thread"                           [id=74312, stack(0x000076abb5afc000,0x000076abb5bfc000) (1024K)]
  0x000076abd80e6f90 WatcherThread "VM Periodic Task Thread"        [id=74311, stack(0x000076abb5cfe000,0x000076abb5dfe000) (1024K)]
  0x000076abd8067890 WorkerThread "GC Thread#0"                     [id=74303, stack(0x000076abdc300000,0x000076abdc400000) (1024K)]
  0x000076aba40084b0 WorkerThread "GC Thread#1"                     [id=74324, stack(0x000076abb4900000,0x000076abb4a00000) (1024K)]
  0x000076aba4009150 WorkerThread "GC Thread#2"                     [id=74325, stack(0x000076abb47ff000,0x000076abb48ff000) (1024K)]
  0x000076aba4013580 WorkerThread "GC Thread#3"                     [id=74326, stack(0x000076abb46fe000,0x000076abb47fe000) (1024K)]
  0x000076abd8081140 ConcurrentGCThread "G1 Main Marker"            [id=74304, stack(0x000076abdc1ff000,0x000076abdc2ff000) (1024K)]
  0x000076abd8082310 WorkerThread "G1 Conc#0"                       [id=74305, stack(0x000076abdc0fe000,0x000076abdc1fe000) (1024K)]
  0x000076abd80d6350 ConcurrentGCThread "G1 Refine#0"               [id=74306, stack(0x000076abb5f00000,0x000076abb6000000) (1024K)]
  0x000076abd80d7540 ConcurrentGCThread "G1 Service"                [id=74307, stack(0x000076abb5dff000,0x000076abb5eff000) (1024K)]
Total: 10

Threads with active compile tasks:
Total: 0

VM state: not at safepoint (normal execution)

VM Mutex/Monitor currently owned by a thread: None

Heap address: 0x0000000080000000, size: 2048 MB, Compressed Oops mode: 32-bit

CDS archive(s) mapped at: [0x0000000021000000-0x0000000022cdf000-0x0000000022cdf000), size 30273536, SharedBaseAddress: 0x0000000021000000, ArchiveRelocationMode: 1.
Compressed class space mapped at: 0x0000000023000000-0x0000000063000000, reserved size: 1073741824
UseCompressedClassPointers 1, UseCompactObjectHeaders 0
Narrow klass pointer bits 32, Max shift 3
Narrow klass base: 0x0000000021000000, Narrow klass shift: 0
Encoding Range: [0x0000000021000000 - 0x0000000121000000), (4294967296 bytes)
Klass Range:    [0x0000000021001000 - 0x0000000063000000), (1107292160 bytes)
Klass ID Range:  [4096 - 1107296249) (1107292153)
Protection zone: [0x0000000021000000 - 0x0000000021001000), (4096 bytes)

GC Precious Log:
 CardTable entry size: 512
 Card Set container configuration: InlinePtr #cards 5 size 8 Array Of Cards #cards 10 size 36 Howl #buckets 4 coarsen threshold 1843 Howl Bitmap #cards 512 size 80 coarsen threshold 460 Card regions per heap region 1 cards per card region 2048
 CPUs: 12 total, 12 available
 Memory: 31954M
 Large Page Support: Disabled
 NUMA Support: Disabled
 Compressed Oops: Enabled (32-bit)
 Heap Region Size: 1M
 Heap Min Capacity: 128M
 Heap Initial Capacity: 128M
 Heap Max Capacity: 2G
 Pre-touch: Disabled
 Parallel Workers: 10
 Concurrent Workers: 3
 Concurrent Refinement Workers: 10
 Periodic GC: Disabled

Heap:
 garbage-first heap   total reserved 2097152K, committed 134144K, used 39543K [0x0000000080000000, 0x0000000100000000)
  region size 1024K, 36 young (36864K), 3 survivors (3072K)

Heap Regions: E=young(eden), S=young(survivor), O=old, HS=humongous(starts), HC=humongous(continues), CS=collection set, F=free, TAMS=top-at-mark-start, PB=parsable bottom
|   0|0x0000000080000000, 0x0000000080100000, 0x0000000080100000|100%|HS|  |TAMS 0x0000000080000000| PB 0x0000000080000000| Complete |  0
|   1|0x0000000080100000, 0x0000000080200000, 0x0000000080200000|100%|HS|  |TAMS 0x0000000080100000| PB 0x0000000080100000| Complete |  0
|   2|0x0000000080200000, 0x0000000080200000, 0x0000000080300000|  0%| F|  |TAMS 0x0000000080200000| PB 0x0000000080200000| Untracked |  0
|   3|0x0000000080300000, 0x0000000080300000, 0x0000000080400000|  0%| F|  |TAMS 0x0000000080300000| PB 0x0000000080300000| Untracked |  0
|   4|0x0000000080400000, 0x0000000080400000, 0x0000000080500000|  0%| F|  |TAMS 0x0000000080400000| PB 0x0000000080400000| Untracked |  0
|   5|0x0000000080500000, 0x0000000080500000, 0x0000000080600000|  0%| F|  |TAMS 0x0000000080500000| PB 0x0000000080500000| Untracked |  0
|   6|0x0000000080600000, 0x0000000080600000, 0x0000000080700000|  0%| F|  |TAMS 0x0000000080600000| PB 0x0000000080600000| Untracked |  0
|   7|0x0000000080700000, 0x0000000080700000, 0x0000000080800000|  0%| F|  |TAMS 0x0000000080700000| PB 0x0000000080700000| Untracked |  0
|   8|0x0000000080800000, 0x0000000080800000, 0x0000000080900000|  0%| F|  |TAMS 0x0000000080800000| PB 0x0000000080800000| Untracked |  0
|   9|0x0000000080900000, 0x0000000080900000, 0x0000000080a00000|  0%| F|  |TAMS 0x0000000080900000| PB 0x0000000080900000| Untracked |  0
|  10|0x0000000080a00000, 0x0000000080a00000, 0x0000000080b00000|  0%| F|  |TAMS 0x0000000080a00000| PB 0x0000000080a00000| Untracked |  0
|  11|0x0000000080b00000, 0x0000000080b00000, 0x0000000080c00000|  0%| F|  |TAMS 0x0000000080b00000| PB 0x0000000080b00000| Untracked |  0
|  12|0x0000000080c00000, 0x0000000080c00000, 0x0000000080d00000|  0%| F|  |TAMS 0x0000000080c00000| PB 0x0000000080c00000| Untracked |  0
|  13|0x0000000080d00000, 0x0000000080d00000, 0x0000000080e00000|  0%| F|  |TAMS 0x0000000080d00000| PB 0x0000000080d00000| Untracked |  0
|  14|0x0000000080e00000, 0x0000000080e00000, 0x0000000080f00000|  0%| F|  |TAMS 0x0000000080e00000| PB 0x0000000080e00000| Untracked |  0
|  15|0x0000000080f00000, 0x0000000080f00000, 0x0000000081000000|  0%| F|  |TAMS 0x0000000080f00000| PB 0x0000000080f00000| Untracked |  0
|  16|0x0000000081000000, 0x0000000081000000, 0x0000000081100000|  0%| F|  |TAMS 0x0000000081000000| PB 0x0000000081000000| Untracked |  0
|  17|0x0000000081100000, 0x0000000081100000, 0x0000000081200000|  0%| F|  |TAMS 0x0000000081100000| PB 0x0000000081100000| Untracked |  0
|  18|0x0000000081200000, 0x0000000081200000, 0x0000000081300000|  0%| F|  |TAMS 0x0000000081200000| PB 0x0000000081200000| Untracked |  0
|  19|0x0000000081300000, 0x0000000081300000, 0x0000000081400000|  0%| F|  |TAMS 0x0000000081300000| PB 0x0000000081300000| Untracked |  0
|  20|0x0000000081400000, 0x0000000081400000, 0x0000000081500000|  0%| F|  |TAMS 0x0000000081400000| PB 0x0000000081400000| Untracked |  0
|  21|0x0000000081500000, 0x0000000081500000, 0x0000000081600000|  0%| F|  |TAMS 0x0000000081500000| PB 0x0000000081500000| Untracked |  0
|  22|0x0000000081600000, 0x0000000081600000, 0x0000000081700000|  0%| F|  |TAMS 0x0000000081600000| PB 0x0000000081600000| Untracked |  0
|  23|0x0000000081700000, 0x0000000081700000, 0x0000000081800000|  0%| F|  |TAMS 0x0000000081700000| PB 0x0000000081700000| Untracked |  0
|  24|0x0000000081800000, 0x0000000081800000, 0x0000000081900000|  0%| F|  |TAMS 0x0000000081800000| PB 0x0000000081800000| Untracked |  0
|  25|0x0000000081900000, 0x0000000081900000, 0x0000000081a00000|  0%| F|  |TAMS 0x0000000081900000| PB 0x0000000081900000| Untracked |  0
|  26|0x0000000081a00000, 0x0000000081a00000, 0x0000000081b00000|  0%| F|  |TAMS 0x0000000081a00000| PB 0x0000000081a00000| Untracked |  0
|  27|0x0000000081b00000, 0x0000000081b00000, 0x0000000081c00000|  0%| F|  |TAMS 0x0000000081b00000| PB 0x0000000081b00000| Untracked |  0
|  28|0x0000000081c00000, 0x0000000081c00000, 0x0000000081d00000|  0%| F|  |TAMS 0x0000000081c00000| PB 0x0000000081c00000| Untracked |  0
|  29|0x0000000081d00000, 0x0000000081d00000, 0x0000000081e00000|  0%| F|  |TAMS 0x0000000081d00000| PB 0x0000000081d00000| Untracked |  0
|  30|0x0000000081e00000, 0x0000000081e00000, 0x0000000081f00000|  0%| F|  |TAMS 0x0000000081e00000| PB 0x0000000081e00000| Untracked |  0
|  31|0x0000000081f00000, 0x0000000081f00000, 0x0000000082000000|  0%| F|  |TAMS 0x0000000081f00000| PB 0x0000000081f00000| Untracked |  0
|  32|0x0000000082000000, 0x0000000082000000, 0x0000000082100000|  0%| F|  |TAMS 0x0000000082000000| PB 0x0000000082000000| Untracked |  0
|  33|0x0000000082100000, 0x0000000082100000, 0x0000000082200000|  0%| F|  |TAMS 0x0000000082100000| PB 0x0000000082100000| Untracked |  0
|  34|0x0000000082200000, 0x0000000082200000, 0x0000000082300000|  0%| F|  |TAMS 0x0000000082200000| PB 0x0000000082200000| Untracked |  0
|  35|0x0000000082300000, 0x0000000082300000, 0x0000000082400000|  0%| F|  |TAMS 0x0000000082300000| PB 0x0000000082300000| Untracked |  0
|  36|0x0000000082400000, 0x0000000082400000, 0x0000000082500000|  0%| F|  |TAMS 0x0000000082400000| PB 0x0000000082400000| Untracked |  0
|  37|0x0000000082500000, 0x0000000082500000, 0x0000000082600000|  0%| F|  |TAMS 0x0000000082500000| PB 0x0000000082500000| Untracked |  0
|  38|0x0000000082600000, 0x0000000082600000, 0x0000000082700000|  0%| F|  |TAMS 0x0000000082600000| PB 0x0000000082600000| Untracked |  0
|  39|0x0000000082700000, 0x0000000082700000, 0x0000000082800000|  0%| F|  |TAMS 0x0000000082700000| PB 0x0000000082700000| Untracked |  0
|  40|0x0000000082800000, 0x0000000082800000, 0x0000000082900000|  0%| F|  |TAMS 0x0000000082800000| PB 0x0000000082800000| Untracked |  0
|  41|0x0000000082900000, 0x0000000082900000, 0x0000000082a00000|  0%| F|  |TAMS 0x0000000082900000| PB 0x0000000082900000| Untracked |  0
|  42|0x0000000082a00000, 0x0000000082a00000, 0x0000000082b00000|  0%| F|  |TAMS 0x0000000082a00000| PB 0x0000000082a00000| Untracked |  0
|  43|0x0000000082b00000, 0x0000000082b00000, 0x0000000082c00000|  0%| F|  |TAMS 0x0000000082b00000| PB 0x0000000082b00000| Untracked |  0
|  44|0x0000000082c00000, 0x0000000082c00000, 0x0000000082d00000|  0%| F|  |TAMS 0x0000000082c00000| PB 0x0000000082c00000| Untracked |  0
|  45|0x0000000082d00000, 0x0000000082d00000, 0x0000000082e00000|  0%| F|  |TAMS 0x0000000082d00000| PB 0x0000000082d00000| Untracked |  0
|  46|0x0000000082e00000, 0x0000000082e00000, 0x0000000082f00000|  0%| F|  |TAMS 0x0000000082e00000| PB 0x0000000082e00000| Untracked |  0
|  47|0x0000000082f00000, 0x0000000082f00000, 0x0000000083000000|  0%| F|  |TAMS 0x0000000082f00000| PB 0x0000000082f00000| Untracked |  0
|  48|0x0000000083000000, 0x0000000083000000, 0x0000000083100000|  0%| F|  |TAMS 0x0000000083000000| PB 0x0000000083000000| Untracked |  0
|  49|0x0000000083100000, 0x0000000083100000, 0x0000000083200000|  0%| F|  |TAMS 0x0000000083100000| PB 0x0000000083100000| Untracked |  0
|  50|0x0000000083200000, 0x0000000083200000, 0x0000000083300000|  0%| F|  |TAMS 0x0000000083200000| PB 0x0000000083200000| Untracked |  0
|  51|0x0000000083300000, 0x0000000083300000, 0x0000000083400000|  0%| F|  |TAMS 0x0000000083300000| PB 0x0000000083300000| Untracked |  0
|  52|0x0000000083400000, 0x0000000083400000, 0x0000000083500000|  0%| F|  |TAMS 0x0000000083400000| PB 0x0000000083400000| Untracked |  0
|  53|0x0000000083500000, 0x0000000083500000, 0x0000000083600000|  0%| F|  |TAMS 0x0000000083500000| PB 0x0000000083500000| Untracked |  0
|  54|0x0000000083600000, 0x0000000083600000, 0x0000000083700000|  0%| F|  |TAMS 0x0000000083600000| PB 0x0000000083600000| Untracked |  0
|  55|0x0000000083700000, 0x0000000083700000, 0x0000000083800000|  0%| F|  |TAMS 0x0000000083700000| PB 0x0000000083700000| Untracked |  0
|  56|0x0000000083800000, 0x0000000083800000, 0x0000000083900000|  0%| F|  |TAMS 0x0000000083800000| PB 0x0000000083800000| Untracked |  0
|  57|0x0000000083900000, 0x0000000083900000, 0x0000000083a00000|  0%| F|  |TAMS 0x0000000083900000| PB 0x0000000083900000| Untracked |  0
|  58|0x0000000083a00000, 0x0000000083a00000, 0x0000000083b00000|  0%| F|  |TAMS 0x0000000083a00000| PB 0x0000000083a00000| Untracked |  0
|  59|0x0000000083b00000, 0x0000000083b00000, 0x0000000083c00000|  0%| F|  |TAMS 0x0000000083b00000| PB 0x0000000083b00000| Untracked |  0
|  60|0x0000000083c00000, 0x0000000083c00000, 0x0000000083d00000|  0%| F|  |TAMS 0x0000000083c00000| PB 0x0000000083c00000| Untracked |  0
|  61|0x0000000083d00000, 0x0000000083d00000, 0x0000000083e00000|  0%| F|  |TAMS 0x0000000083d00000| PB 0x0000000083d00000| Untracked |  0
|  62|0x0000000083e00000, 0x0000000083e00000, 0x0000000083f00000|  0%| F|  |TAMS 0x0000000083e00000| PB 0x0000000083e00000| Untracked |  0
|  63|0x0000000083f00000, 0x0000000083f00000, 0x0000000084000000|  0%| F|  |TAMS 0x0000000083f00000| PB 0x0000000083f00000| Untracked |  0
|  64|0x0000000084000000, 0x0000000084000000, 0x0000000084100000|  0%| F|  |TAMS 0x0000000084000000| PB 0x0000000084000000| Untracked |  0
|  65|0x0000000084100000, 0x0000000084100000, 0x0000000084200000|  0%| F|  |TAMS 0x0000000084100000| PB 0x0000000084100000| Untracked |  0
|  66|0x0000000084200000, 0x0000000084200000, 0x0000000084300000|  0%| F|  |TAMS 0x0000000084200000| PB 0x0000000084200000| Untracked |  0
|  67|0x0000000084300000, 0x0000000084300000, 0x0000000084400000|  0%| F|  |TAMS 0x0000000084300000| PB 0x0000000084300000| Untracked |  0
|  68|0x0000000084400000, 0x0000000084400000, 0x0000000084500000|  0%| F|  |TAMS 0x0000000084400000| PB 0x0000000084400000| Untracked |  0
|  69|0x0000000084500000, 0x0000000084500000, 0x0000000084600000|  0%| F|  |TAMS 0x0000000084500000| PB 0x0000000084500000| Untracked |  0
|  70|0x0000000084600000, 0x0000000084600000, 0x0000000084700000|  0%| F|  |TAMS 0x0000000084600000| PB 0x0000000084600000| Untracked |  0
|  71|0x0000000084700000, 0x0000000084700000, 0x0000000084800000|  0%| F|  |TAMS 0x0000000084700000| PB 0x0000000084700000| Untracked |  0
|  72|0x0000000084800000, 0x0000000084800000, 0x0000000084900000|  0%| F|  |TAMS 0x0000000084800000| PB 0x0000000084800000| Untracked |  0
|  73|0x0000000084900000, 0x0000000084900000, 0x0000000084a00000|  0%| F|  |TAMS 0x0000000084900000| PB 0x0000000084900000| Untracked |  0
|  74|0x0000000084a00000, 0x0000000084a00000, 0x0000000084b00000|  0%| F|  |TAMS 0x0000000084a00000| PB 0x0000000084a00000| Untracked |  0
|  75|0x0000000084b00000, 0x0000000084b00000, 0x0000000084c00000|  0%| F|  |TAMS 0x0000000084b00000| PB 0x0000000084b00000| Untracked |  0
|  76|0x0000000084c00000, 0x0000000084c00000, 0x0000000084d00000|  0%| F|  |TAMS 0x0000000084c00000| PB 0x0000000084c00000| Untracked |  0
|  77|0x0000000084d00000, 0x0000000084d00000, 0x0000000084e00000|  0%| F|  |TAMS 0x0000000084d00000| PB 0x0000000084d00000| Untracked |  0
|  78|0x0000000084e00000, 0x0000000084e4fff8, 0x0000000084f00000| 31%| S|CS|TAMS 0x0000000084e00000| PB 0x0000000084e00000| Complete |  0
|  79|0x0000000084f00000, 0x0000000085000000, 0x0000000085000000|100%| S|CS|TAMS 0x0000000084f00000| PB 0x0000000084f00000| Complete |  0
|  80|0x0000000085000000, 0x0000000085100000, 0x0000000085100000|100%| S|CS|TAMS 0x0000000085000000| PB 0x0000000085000000| Complete |  0
|  81|0x0000000085100000, 0x0000000085100000, 0x0000000085200000|  0%| F|  |TAMS 0x0000000085100000| PB 0x0000000085100000| Untracked |  0
|  82|0x0000000085200000, 0x0000000085200000, 0x0000000085300000|  0%| F|  |TAMS 0x0000000085200000| PB 0x0000000085200000| Untracked |  0
|  83|0x0000000085300000, 0x0000000085300000, 0x0000000085400000|  0%| F|  |TAMS 0x0000000085300000| PB 0x0000000085300000| Untracked |  0
|  84|0x0000000085400000, 0x0000000085400000, 0x0000000085500000|  0%| F|  |TAMS 0x0000000085400000| PB 0x0000000085400000| Untracked |  0
|  85|0x0000000085500000, 0x0000000085500000, 0x0000000085600000|  0%| F|  |TAMS 0x0000000085500000| PB 0x0000000085500000| Untracked |  0
|  86|0x0000000085600000, 0x0000000085600000, 0x0000000085700000|  0%| F|  |TAMS 0x0000000085600000| PB 0x0000000085600000| Untracked |  0
|  87|0x0000000085700000, 0x0000000085700000, 0x0000000085800000|  0%| F|  |TAMS 0x0000000085700000| PB 0x0000000085700000| Untracked |  0
|  88|0x0000000085800000, 0x0000000085800000, 0x0000000085900000|  0%| F|  |TAMS 0x0000000085800000| PB 0x0000000085800000| Untracked |  0
|  89|0x0000000085900000, 0x0000000085900000, 0x0000000085a00000|  0%| F|  |TAMS 0x0000000085900000| PB 0x0000000085900000| Untracked |  0
|  90|0x0000000085a00000, 0x0000000085a00000, 0x0000000085b00000|  0%| F|  |TAMS 0x0000000085a00000| PB 0x0000000085a00000| Untracked |  0
|  91|0x0000000085b00000, 0x0000000085b00000, 0x0000000085c00000|  0%| F|  |TAMS 0x0000000085b00000| PB 0x0000000085b00000| Untracked |  0
|  92|0x0000000085c00000, 0x0000000085c00000, 0x0000000085d00000|  0%| F|  |TAMS 0x0000000085c00000| PB 0x0000000085c00000| Untracked |  0
|  93|0x0000000085d00000, 0x0000000085d00000, 0x0000000085e00000|  0%| F|  |TAMS 0x0000000085d00000| PB 0x0000000085d00000| Untracked |  0
|  94|0x0000000085e00000, 0x0000000085e00000, 0x0000000085f00000|  0%| F|  |TAMS 0x0000000085e00000| PB 0x0000000085e00000| Untracked |  0
|  95|0x0000000085f00000, 0x0000000085f80000, 0x0000000086000000| 50%| E|  |TAMS 0x0000000085f00000| PB 0x0000000085f00000| Complete |  0
|  96|0x0000000086000000, 0x0000000086100000, 0x0000000086100000|100%| E|CS|TAMS 0x0000000086000000| PB 0x0000000086000000| Complete |  0
|  97|0x0000000086100000, 0x0000000086200000, 0x0000000086200000|100%| E|CS|TAMS 0x0000000086100000| PB 0x0000000086100000| Complete |  0
|  98|0x0000000086200000, 0x0000000086300000, 0x0000000086300000|100%| E|CS|TAMS 0x0000000086200000| PB 0x0000000086200000| Complete |  0
|  99|0x0000000086300000, 0x0000000086400000, 0x0000000086400000|100%| E|CS|TAMS 0x0000000086300000| PB 0x0000000086300000| Complete |  0
| 100|0x0000000086400000, 0x0000000086500000, 0x0000000086500000|100%| E|CS|TAMS 0x0000000086400000| PB 0x0000000086400000| Complete |  0
| 101|0x0000000086500000, 0x0000000086600000, 0x0000000086600000|100%| E|CS|TAMS 0x0000000086500000| PB 0x0000000086500000| Complete |  0
| 102|0x0000000086600000, 0x0000000086700000, 0x0000000086700000|100%| E|CS|TAMS 0x0000000086600000| PB 0x0000000086600000| Complete |  0
| 103|0x0000000086700000, 0x0000000086800000, 0x0000000086800000|100%| E|CS|TAMS 0x0000000086700000| PB 0x0000000086700000| Complete |  0
| 104|0x0000000086800000, 0x0000000086900000, 0x0000000086900000|100%| E|CS|TAMS 0x0000000086800000| PB 0x0000000086800000| Complete |  0
| 105|0x0000000086900000, 0x0000000086a00000, 0x0000000086a00000|100%| E|CS|TAMS 0x0000000086900000| PB 0x0000000086900000| Complete |  0
| 106|0x0000000086a00000, 0x0000000086b00000, 0x0000000086b00000|100%| E|CS|TAMS 0x0000000086a00000| PB 0x0000000086a00000| Complete |  0
| 107|0x0000000086b00000, 0x0000000086c00000, 0x0000000086c00000|100%| E|CS|TAMS 0x0000000086b00000| PB 0x0000000086b00000| Complete |  0
| 108|0x0000000086c00000, 0x0000000086d00000, 0x0000000086d00000|100%| E|CS|TAMS 0x0000000086c00000| PB 0x0000000086c00000| Complete |  0
| 109|0x0000000086d00000, 0x0000000086e00000, 0x0000000086e00000|100%| E|CS|TAMS 0x0000000086d00000| PB 0x0000000086d00000| Complete |  0
| 110|0x0000000086e00000, 0x0000000086f00000, 0x0000000086f00000|100%| E|CS|TAMS 0x0000000086e00000| PB 0x0000000086e00000| Complete |  0
| 111|0x0000000086f00000, 0x0000000087000000, 0x0000000087000000|100%| E|CS|TAMS 0x0000000086f00000| PB 0x0000000086f00000| Complete |  0
| 112|0x0000000087000000, 0x0000000087100000, 0x0000000087100000|100%| E|CS|TAMS 0x0000000087000000| PB 0x0000000087000000| Complete |  0
| 113|0x0000000087100000, 0x0000000087200000, 0x0000000087200000|100%| E|CS|TAMS 0x0000000087100000| PB 0x0000000087100000| Complete |  0
| 114|0x0000000087200000, 0x0000000087300000, 0x0000000087300000|100%| E|CS|TAMS 0x0000000087200000| PB 0x0000000087200000| Complete |  0
| 115|0x0000000087300000, 0x0000000087400000, 0x0000000087400000|100%| E|CS|TAMS 0x0000000087300000| PB 0x0000000087300000| Complete |  0
| 116|0x0000000087400000, 0x0000000087500000, 0x0000000087500000|100%| E|CS|TAMS 0x0000000087400000| PB 0x0000000087400000| Complete |  0
| 117|0x0000000087500000, 0x0000000087600000, 0x0000000087600000|100%| E|CS|TAMS 0x0000000087500000| PB 0x0000000087500000| Complete |  0
| 118|0x0000000087600000, 0x0000000087700000, 0x0000000087700000|100%| E|CS|TAMS 0x0000000087600000| PB 0x0000000087600000| Complete |  0
| 119|0x0000000087700000, 0x0000000087800000, 0x0000000087800000|100%| E|CS|TAMS 0x0000000087700000| PB 0x0000000087700000| Complete |  0
| 120|0x0000000087800000, 0x0000000087900000, 0x0000000087900000|100%| E|CS|TAMS 0x0000000087800000| PB 0x0000000087800000| Complete |  0
| 121|0x0000000087900000, 0x0000000087a00000, 0x0000000087a00000|100%| E|CS|TAMS 0x0000000087900000| PB 0x0000000087900000| Complete |  0
| 122|0x0000000087a00000, 0x0000000087b00000, 0x0000000087b00000|100%| E|CS|TAMS 0x0000000087a00000| PB 0x0000000087a00000| Complete |  0
| 123|0x0000000087b00000, 0x0000000087c00000, 0x0000000087c00000|100%| E|CS|TAMS 0x0000000087b00000| PB 0x0000000087b00000| Complete |  0
| 124|0x0000000087c00000, 0x0000000087d00000, 0x0000000087d00000|100%| E|CS|TAMS 0x0000000087c00000| PB 0x0000000087c00000| Complete |  0
| 125|0x0000000087d00000, 0x0000000087e00000, 0x0000000087e00000|100%| E|CS|TAMS 0x0000000087d00000| PB 0x0000000087d00000| Complete |  0
| 126|0x0000000087e00000, 0x0000000087f00000, 0x0000000087f00000|100%| E|CS|TAMS 0x0000000087e00000| PB 0x0000000087e00000| Complete |  0
| 127|0x0000000087f00000, 0x0000000088000000, 0x0000000088000000|100%| E|CS|TAMS 0x0000000087f00000| PB 0x0000000087f00000| Complete |  0
|2045|0x00000000ffd00000, 0x00000000ffe00000, 0x00000000ffe00000|100%| O|  |TAMS 0x00000000ffd00000| PB 0x00000000ffd00000| Untracked |  0
|2046|0x00000000ffe00000, 0x00000000fff00000, 0x00000000fff00000|100%| O|  |TAMS 0x00000000ffe00000| PB 0x00000000ffe00000| Untracked |  0
|2047|0x00000000fff00000, 0x00000000fff4de10, 0x0000000100000000| 30%| O|  |TAMS 0x00000000fff00000| PB 0x00000000fff00000| Untracked |  0

Card table byte_map: [0x000076abde400000,0x000076abde800000] _byte_map_base: 0x000076abde000000

Marking Bits: (CMBitMap*) 0x000076abd80685e0
 Bits: [0x000076abdc400000, 0x000076abde400000)

Polling page: 0x000076abe152c000

Metaspace:
Metaspace        used 3084K, committed 3200K, reserved 1114112K
 class space     used 390K, committed 448K, reserved 1048576K

Usage:
  Non-class:      2,63 MB used.
      Class:    390,35 KB used.
       Both:      3,01 MB used.

Virtual space:
  Non-class space:       64,00 MB reserved,       2,69 MB (  4%) committed,  1 nodes.
      Class space:        1,00 GB reserved,     448,00 KB ( <1%) committed,  1 nodes.
             Both:        1,06 GB reserved,       3,12 MB ( <1%) committed. 

Chunk freelists:
   Non-Class:  10,02 MB
       Class:  15,39 MB
        Both:  25,41 MB

MaxMetaspaceSize: unlimited
CompressedClassSpaceSize: 1,00 GB
Initial GC threshold: 21,00 MB
Current GC threshold: 21,00 MB
CDS: on
 - commit_granule_bytes: 65536.
 - commit_granule_words: 8192.
 - virtual_space_node_default_size: 8388608.
 - enlarge_chunks_in_place: 1.
UseCompressedClassPointers 1, UseCompactObjectHeaders 0
Narrow klass pointer bits 32, Max shift 3
Narrow klass base: 0x0000000021000000, Narrow klass shift: 0
Encoding Range: [0x0000000021000000 - 0x0000000121000000), (4294967296 bytes)
Klass Range:    [0x0000000021001000 - 0x0000000063000000), (1107292160 bytes)
Klass ID Range:  [4096 - 1107296249) (1107292153)
Protection zone: [0x0000000021000000 - 0x0000000021001000), (4096 bytes)


Internal statistics:

num_allocs_failed_limit: 0.
num_arena_births: 8.
num_arena_deaths: 0.
num_vsnodes_births: 2.
num_vsnodes_deaths: 0.
num_space_committed: 50.
num_space_uncommitted: 0.
num_chunks_returned_to_freelist: 0.
num_chunks_taken_from_freelist: 91.
num_chunk_merges: 0.
num_chunk_splits: 84.
num_chunks_enlarged: 81.
num_inconsistent_stats: 0.

CodeHeap 'non-profiled nmethods': size=120032Kb used=242Kb max_used=242Kb free=119789Kb
 bounds [0x000076abcc4c8000, 0x000076abcc738000, 0x000076abd3a00000]
CodeHeap 'profiled nmethods': size=120028Kb used=981Kb max_used=981Kb free=119047Kb
 bounds [0x000076abc4a00000, 0x000076abc4c70000, 0x000076abcbf37000]
CodeHeap 'non-nmethods': size=5700Kb used=1385Kb max_used=1423Kb free=4314Kb
 bounds [0x000076abcbf37000, 0x000076abcc1a7000, 0x000076abcc4c8000]
CodeCache: size=245760Kb, used=2608Kb, max_used=2646Kb, free=243150Kb
 total_blobs=1216, nmethods=754, adapters=367, full_count=0
Compilation: enabled, stopped_count=0, restarted_count=0

Compilation events (20 events):
Event: 0,193 Thread 0x000076abd810dd50  744       3       org.bouncycastle.math.raw.Interleave::expand32to64 (52 bytes)
Event: 0,193 Thread 0x000076abd810dd50 nmethod 744 0x000076abc4af2408 code [0x000076abc4af2500, 0x000076abc4af27d8]
Event: 0,193 Thread 0x000076abd810dd50  745       3       org.bouncycastle.math.ec.custom.sec.SecT163Field::reduce (241 bytes)
Event: 0,193 Thread 0x000076abd810c360 nmethod 725 0x000076abcc501488 code [0x000076abcc501580, 0x000076abcc501770]
Event: 0,193 Thread 0x000076abd810c360  634       4       org.bouncycastle.math.ec.ECFieldElement$F2m::square (31 bytes)
Event: 0,193 Thread 0x000076abd810dd50 nmethod 745 0x000076abc4af2808 code [0x000076abc4af2900, 0x000076abc4af2ca0]
Event: 0,193 Thread 0x000076abd810dd50  746       3       org.bouncycastle.math.ec.custom.sec.SecT163Field::implSquare (9 bytes)
Event: 0,193 Thread 0x000076abd810dd50 nmethod 746 0x000076abc4af2d08 code [0x000076abc4af2e00, 0x000076abc4af2f20]
Event: 0,194 Thread 0x000076abd810dd50  747       3       java.util.Arrays::copyOf (33 bytes)
Event: 0,194 Thread 0x000076abd810dd50 nmethod 747 0x000076abc4af3008 code [0x000076abc4af3100, 0x000076abc4af34d8]
Event: 0,194 Thread 0x000076abd810c360 nmethod 634 0x000076abcc501788 code [0x000076abcc501880, 0x000076abcc501c40]
Event: 0,194 Thread 0x000076abd810dd50  748       3       java.math.BigInteger::intValue (6 bytes)
Event: 0,194 Thread 0x000076abd810c360  654       4       org.bouncycastle.math.raw.Interleave::expand64To128 (68 bytes)
Event: 0,194 Thread 0x000076abd810dd50 nmethod 748 0x000076abc4af3508 code [0x000076abc4af3600, 0x000076abc4af3738]
Event: 0,195 Thread 0x000076abd810dd50  749       3       java.math.BigInteger::shiftRightImpl (234 bytes)
Event: 0,195 Thread 0x000076abd810c360 nmethod 654 0x000076abcc501c88 code [0x000076abcc501d80, 0x000076abcc501f38]
Event: 0,195 Thread 0x000076abd810c360  631       4       org.bouncycastle.math.ec.ECFieldElement::<init> (5 bytes)
Event: 0,195 Thread 0x000076abd810c360 nmethod 631 0x000076abcc501f88 code [0x000076abcc502080, 0x000076abcc5020f8]
Event: 0,195 Thread 0x000076abd810dd50 nmethod 749 0x000076abc4af3808 code [0x000076abc4af3900, 0x000076abc4af44c0]
Event: 0,195 Thread 0x000076abd810dd50  750       3       org.bouncycastle.math.ec.custom.sec.SecT233Field::reduce (223 bytes)

GC Heap Usage History (2 events):
Event: 0,153 {heap Before GC invocations=0 (full 0):
 garbage-first heap   total reserved 2097152K, committed 134144K, used 52535K [0x0000000080000000, 0x0000000100000000)
  region size 1024K, 47 young (48128K), 0 survivors (0K)
}
Event: 0,155 {heap After GC invocations=1 (full 0):
 garbage-first heap   total reserved 2097152K, committed 134144K, used 6775K [0x0000000080000000, 0x0000000100000000)
  region size 1024K, 3 young (3072K), 3 survivors (3072K)
}

Metaspace Usage History (2 events):
Event: 0,153 {metaspace Before GC invocations=0 (full 0):
 Metaspace       used 2476K, committed 2688K, reserved 1114112K
  class space    used 347K, committed 448K, reserved 1048576K
}
Event: 0,155 {metaspace After GC invocations=1 (full 0):
 Metaspace       used 2476K, committed 2688K, reserved 1114112K
  class space    used 347K, committed 448K, reserved 1048576K
}

Dll operation events (7 events):
Event: 0,001 Loaded shared library /home/vadprog/Downloads/Idea/idea-IU-251.25410.129/jbr/lib/libjava.so
Event: 0,012 Loaded shared library /home/vadprog/Downloads/Idea/idea-IU-251.25410.129/jbr/lib/libsimdsort.so
Event: 0,022 Loaded shared library /home/vadprog/Downloads/Idea/idea-IU-251.25410.129/jbr/lib/libnio.so
Event: 0,029 Loaded shared library /home/vadprog/Downloads/Idea/idea-IU-251.25410.129/jbr/lib/libzip.so
Event: 0,030 Loaded shared library /home/vadprog/Downloads/Idea/idea-IU-251.25410.129/jbr/lib/libzip.so
Event: 0,038 Loaded shared library /home/vadprog/Downloads/Idea/idea-IU-251.25410.129/jbr/lib/libnet.so
Event: 0,043 Loaded shared library /home/vadprog/Downloads/Idea/idea-IU-251.25410.129/jbr/lib/libjimage.so

Deoptimization events (20 events):
Event: 0,028 Thread 0x000076abd802b7d0 DEOPT PACKING pc=0x000076abc4a0e500 sp=0x000076abdf9144d0
Event: 0,028 Thread 0x000076abd802b7d0 DEOPT UNPACKING pc=0x000076abcbf87fef sp=0x000076abdf913960 mode 0
Event: 0,028 Thread 0x000076abd802b7d0 DEOPT PACKING pc=0x000076abc4a0e500 sp=0x000076abdf9144d0
Event: 0,028 Thread 0x000076abd802b7d0 DEOPT UNPACKING pc=0x000076abcbf87fef sp=0x000076abdf913960 mode 0
Event: 0,029 Thread 0x000076abd802b7d0 DEOPT PACKING pc=0x000076abc4a0e500 sp=0x000076abdf9144d0
Event: 0,029 Thread 0x000076abd802b7d0 DEOPT UNPACKING pc=0x000076abcbf87fef sp=0x000076abdf913960 mode 0
Event: 0,029 Thread 0x000076abd802b7d0 DEOPT PACKING pc=0x000076abc4a0e500 sp=0x000076abdf9144d0
Event: 0,029 Thread 0x000076abd802b7d0 DEOPT UNPACKING pc=0x000076abcbf87fef sp=0x000076abdf913960 mode 0
Event: 0,128 Thread 0x000076abd802b7d0 Uncommon trap: trap_request=0xffffff45 fr.pc=0x000076abcc4d2308 relative=0x0000000000000188
Event: 0,128 Thread 0x000076abd802b7d0 Uncommon trap: reason=unstable_if action=reinterpret pc=0x000076abcc4d2308 method=jdk.internal.util.ArraysSupport.vectorizedHashCode(Ljava/lang/Object;IIII)I @ 2 c2
Event: 0,128 Thread 0x000076abd802b7d0 DEOPT PACKING pc=0x000076abcc4d2308 sp=0x000076abdf9141f0
Event: 0,128 Thread 0x000076abd802b7d0 DEOPT UNPACKING pc=0x000076abcc059879 sp=0x000076abdf9141c0 mode 2
Event: 0,135 Thread 0x000076abd802b7d0 Uncommon trap: trap_request=0xffffff45 fr.pc=0x000076abcc4f2910 relative=0x0000000000001010
Event: 0,135 Thread 0x000076abd802b7d0 Uncommon trap: reason=unstable_if action=reinterpret pc=0x000076abcc4f2910 method=org.bouncycastle.math.ec.LongArray.reduceInPlace([JIII[I)I @ 73 c2
Event: 0,135 Thread 0x000076abd802b7d0 DEOPT PACKING pc=0x000076abcc4f2910 sp=0x000076abdf913c30
Event: 0,135 Thread 0x000076abd802b7d0 DEOPT UNPACKING pc=0x000076abcc059879 sp=0x000076abdf913be8 mode 2
Event: 0,149 Thread 0x000076abd802b7d0 Uncommon trap: trap_request=0xffffff66 fr.pc=0x000076abcc4f3cac relative=0x000000000000022c
Event: 0,149 Thread 0x000076abd802b7d0 Uncommon trap: reason=loop_limit_check action=maybe_recompile pc=0x000076abcc4f3cac method=java.math.BigInteger.implMulAdd([I[IIII)I @ 26 c2
Event: 0,149 Thread 0x000076abd802b7d0 DEOPT PACKING pc=0x000076abcc4f3cac sp=0x000076abdf913e50
Event: 0,149 Thread 0x000076abd802b7d0 DEOPT UNPACKING pc=0x000076abcc059879 sp=0x000076abdf913dc0 mode 2

Classes loaded (20 events):
Event: 0,030 Loading class java/rmi/server/ExportException
Event: 0,030 Loading class java/rmi/RemoteException
Event: 0,030 Loading class java/rmi/RemoteException done
Event: 0,030 Loading class java/rmi/server/ExportException done
Event: 0,030 Loading class java/rmi/Remote
Event: 0,030 Loading class java/rmi/Remote done
Event: 0,030 Loading class java/rmi/server/RMIServerSocketFactory
Event: 0,030 Loading class java/rmi/server/RMIServerSocketFactory done
Event: 0,030 Loading class java/rmi/server/RMISocketFactory
Event: 0,030 Loading class java/rmi/server/RMIClientSocketFactory
Event: 0,030 Loading class java/rmi/server/RMIClientSocketFactory done
Event: 0,030 Loading class java/rmi/server/RMISocketFactory done
Event: 0,031 Loading class java/rmi/server/Unreferenced
Event: 0,031 Loading class java/rmi/server/Unreferenced done
Event: 0,046 Loading class java/security/cert/PKIXRevocationChecker
Event: 0,046 Loading class java/security/cert/PKIXRevocationChecker done
Event: 0,047 Loading class java/security/Provider$OPType
Event: 0,047 Loading class java/security/Provider$OPType done
Event: 0,087 Loading class java/security/spec/RSAKeyGenParameterSpec
Event: 0,087 Loading class java/security/spec/RSAKeyGenParameterSpec done

Classes unloaded (0 events):
No events

Classes redefined (0 events):
No events

Internal exceptions (0 events):
No events

VM Operations (8 events):
Event: 0,033 Executing non-safepoint VM operation: HandshakeAllThreads (Deoptimize)
Event: 0,033 Executing non-safepoint VM operation: HandshakeAllThreads (Deoptimize) done
Event: 0,128 Executing non-safepoint VM operation: HandshakeAllThreads (Deoptimize)
Event: 0,128 Executing non-safepoint VM operation: HandshakeAllThreads (Deoptimize) done
Event: 0,129 Executing non-safepoint VM operation: HandshakeAllThreads (Deoptimize)
Event: 0,129 Executing non-safepoint VM operation: HandshakeAllThreads (Deoptimize) done
Event: 0,153 Executing safepoint VM operation: G1CollectForAllocation (G1 Evacuation Pause)
Event: 0,155 Executing safepoint VM operation: G1CollectForAllocation (G1 Evacuation Pause) done

Memory protections (13 events):
Event: 0,001 Protecting memory [0x000076abdf817000,0x000076abdf81b000] with protection modes 0
Event: 0,006 Protecting memory [0x0000000021000000,0x0000000021001000] with protection modes 0
Event: 0,010 Protecting memory [0x000076abb5bfd000,0x000076abb5c01000] with protection modes 0
Event: 0,011 Protecting memory [0x000076abb5300000,0x000076abb5304000] with protection modes 0
Event: 0,011 Protecting memory [0x000076abb5200000,0x000076abb5204000] with protection modes 0
Event: 0,011 Protecting memory [0x000076abb5100000,0x000076abb5104000] with protection modes 0
Event: 0,011 Protecting memory [0x000076abb5000000,0x000076abb5004000] with protection modes 0
Event: 0,011 Protecting memory [0x000076abb4f00000,0x000076abb4f04000] with protection modes 0
Event: 0,011 Protecting memory [0x000076abb4e00000,0x000076abb4e04000] with protection modes 0
Event: 0,011 Protecting memory [0x000076abb4d00000,0x000076abb4d04000] with protection modes 0
Event: 0,021 Protecting memory [0x000076abb4c00000,0x000076abb4c04000] with protection modes 0
Event: 0,025 Protecting memory [0x000076abb4b00000,0x000076abb4b04000] with protection modes 0
Event: 0,122 Protecting memory [0x000076abb4a00000,0x000076abb4a04000] with protection modes 0

Nmethod flushes (0 events):
No events

Events (12 events):
Event: 0,006 Thread 0x000076abd802b7d0 Thread added: 0x000076abd802b7d0
Event: 0,010 Thread 0x000076abd802b7d0 Thread added: 0x000076abd8100150
Event: 0,011 Thread 0x000076abd802b7d0 Thread added: 0x000076abd8103900
Event: 0,011 Thread 0x000076abd802b7d0 Thread added: 0x000076abd8105140
Event: 0,011 Thread 0x000076abd802b7d0 Thread added: 0x000076abd81073b0
Event: 0,011 Thread 0x000076abd802b7d0 Thread added: 0x000076abd8108ce0
Event: 0,011 Thread 0x000076abd802b7d0 Thread added: 0x000076abd810a560
Event: 0,011 Thread 0x000076abd802b7d0 Thread added: 0x000076abd810c360
Event: 0,011 Thread 0x000076abd802b7d0 Thread added: 0x000076abd810dd50
Event: 0,021 Thread 0x000076abd802b7d0 Thread added: 0x000076abd815b480
Event: 0,025 Thread 0x000076abd810dd50 Thread added: 0x000076ab7c071df0
Event: 0,122 Thread 0x000076abd810dd50 Thread added: 0x000076ab7c13abd0


Dynamic libraries:
21000000-21001000 ---p 00000000 00:00 0 
21001000-22cdf000 rw-p 00001000 08:12 10511004                           /home/vadprog/Downloads/Idea/idea-IU-251.25410.129/jbr/lib/server/classes.jsa
22cdf000-23000000 ---p 00000000 00:00 0 
23000000-23010000 rw-p 00000000 00:00 0 
23010000-23040000 ---p 00000000 00:00 0 
23040000-230a0000 rw-p 00000000 00:00 0 
230a0000-63000000 ---p 00000000 00:00 0 
80000000-88000000 rw-p 00000000 00:00 0 
88000000-ffd00000 ---p 00000000 00:00 0 
ffd00000-fff4e000 rw-p 01d4e000 08:12 10511004                           /home/vadprog/Downloads/Idea/idea-IU-251.25410.129/jbr/lib/server/classes.jsa
fff4e000-100000000 rw-p 00000000 00:00 0 
5e67b73c2000-5e67b73c3000 r--p 00000000 08:12 10511909                   /home/vadprog/Downloads/Idea/idea-IU-251.25410.129/jbr/bin/java
5e67b73c3000-5e67b73c4000 r-xp 00001000 08:12 10511909                   /home/vadprog/Downloads/Idea/idea-IU-251.25410.129/jbr/bin/java
5e67b73c4000-5e67b73c5000 r--p 00002000 08:12 10511909                   /home/vadprog/Downloads/Idea/idea-IU-251.25410.129/jbr/bin/java
5e67b73c5000-5e67b73c6000 r--p 00002000 08:12 10511909                   /home/vadprog/Downloads/Idea/idea-IU-251.25410.129/jbr/bin/java
5e67b73c6000-5e67b73c7000 rw-p 00003000 08:12 10511909                   /home/vadprog/Downloads/Idea/idea-IU-251.25410.129/jbr/bin/java
5e67f1fab000-5e67f1ff4000 rw-p 00000000 00:00 0                          [heap]
76ab64000000-76ab64021000 rw-p 00000000 00:00 0 
76ab64021000-76ab68000000 ---p 00000000 00:00 0 
76ab6c000000-76ab6c021000 rw-p 00000000 00:00 0 
76ab6c021000-76ab70000000 ---p 00000000 00:00 0 
76ab70000000-76ab70021000 rw-p 00000000 00:00 0 
76ab70021000-76ab74000000 ---p 00000000 00:00 0 
76ab74000000-76ab746b5000 rw-p 00000000 00:00 0 
76ab746b5000-76ab78000000 ---p 00000000 00:00 0 
76ab78000000-76ab78559000 rw-p 00000000 00:00 0 
76ab78559000-76ab7c000000 ---p 00000000 00:00 0 
76ab7c000000-76ab7c239000 rw-p 00000000 00:00 0 
76ab7c239000-76ab80000000 ---p 00000000 00:00 0 
76ab80000000-76ab80021000 rw-p 00000000 00:00 0 
76ab80021000-76ab84000000 ---p 00000000 00:00 0 
76ab84000000-76ab84021000 rw-p 00000000 00:00 0 
76ab84021000-76ab88000000 ---p 00000000 00:00 0 
76ab88000000-76ab88896000 rw-p 00000000 00:00 0 
76ab88896000-76ab8c000000 ---p 00000000 00:00 0 
76ab8c000000-76ab8c021000 rw-p 00000000 00:00 0 
76ab8c021000-76ab90000000 ---p 00000000 00:00 0 
76ab90000000-76ab90021000 rw-p 00000000 00:00 0 
76ab90021000-76ab94000000 ---p 00000000 00:00 0 
76ab94000000-76ab94021000 rw-p 00000000 00:00 0 
76ab94021000-76ab98000000 ---p 00000000 00:00 0 
76ab98000000-76ab98021000 rw-p 00000000 00:00 0 
76ab98021000-76ab9c000000 ---p 00000000 00:00 0 
76ab9c000000-76ab9c0b0000 rw-p 00000000 00:00 0 
76ab9c0b0000-76ab9c400000 ---p 00000000 00:00 0 
76ab9c400000-76ab9c600000 rw-p 00000000 00:00 0 
76ab9c600000-76aba0000000 ---p 00000000 00:00 0 
76aba0000000-76aba0021000 rw-p 00000000 00:00 0 
76aba0021000-76aba4000000 ---p 00000000 00:00 0 
76aba4000000-76aba4021000 rw-p 00000000 00:00 0 
76aba4021000-76aba8000000 ---p 00000000 00:00 0 
76aba8000000-76aba8021000 rw-p 00000000 00:00 0 
76aba8021000-76abac000000 ---p 00000000 00:00 0 
76abac000000-76abac021000 rw-p 00000000 00:00 0 
76abac021000-76abb0000000 ---p 00000000 00:00 0 
76abb0000000-76abb0021000 rw-p 00000000 00:00 0 
76abb0021000-76abb4000000 ---p 00000000 00:00 0 
76abb46fd000-76abb46fe000 ---p 00000000 00:00 0 
76abb46fe000-76abb47fe000 rw-p 00000000 00:00 0 
76abb47fe000-76abb47ff000 ---p 00000000 00:00 0 
76abb47ff000-76abb48ff000 rw-p 00000000 00:00 0 
76abb48ff000-76abb4900000 ---p 00000000 00:00 0 
76abb4900000-76abb4a00000 rw-p 00000000 00:00 0 
76abb4a00000-76abb4a04000 ---p 00000000 00:00 0 
76abb4a04000-76abb4b00000 rw-p 00000000 00:00 0 
76abb4b00000-76abb4b04000 ---p 00000000 00:00 0 
76abb4b04000-76abb4c00000 rw-p 00000000 00:00 0 
76abb4c00000-76abb4c04000 ---p 00000000 00:00 0 
76abb4c04000-76abb4d00000 rw-p 00000000 00:00 0 
76abb4d00000-76abb4d04000 ---p 00000000 00:00 0 
76abb4d04000-76abb4e00000 rw-p 00000000 00:00 0 
76abb4e00000-76abb4e04000 ---p 00000000 00:00 0 
76abb4e04000-76abb4f00000 rw-p 00000000 00:00 0 
76abb4f00000-76abb4f04000 ---p 00000000 00:00 0 
76abb4f04000-76abb5000000 rw-p 00000000 00:00 0 
76abb5000000-76abb5004000 ---p 00000000 00:00 0 
76abb5004000-76abb5100000 rw-p 00000000 00:00 0 
76abb5100000-76abb5104000 ---p 00000000 00:00 0 
76abb5104000-76abb5200000 rw-p 00000000 00:00 0 
76abb5200000-76abb5204000 ---p 00000000 00:00 0 
76abb5204000-76abb5300000 rw-p 00000000 00:00 0 
76abb5300000-76abb5304000 ---p 00000000 00:00 0 
76abb5304000-76abb5400000 rw-p 00000000 00:00 0 
76abb5400000-76abb5977000 r--p 00000000 08:12 7870346                    /usr/lib/locale/locale-archive
76abb59e1000-76abb5afb000 rw-p 00000000 00:00 0 
76abb5afb000-76abb5afc000 ---p 00000000 00:00 0 
76abb5afc000-76abb5bfc000 rw-p 00000000 00:00 0 
76abb5bfc000-76abb5bfd000 ---p 00000000 00:00 0 
76abb5bfd000-76abb5c01000 ---p 00000000 00:00 0 
76abb5c01000-76abb5cfd000 rw-p 00000000 00:00 0 
76abb5cfd000-76abb5cfe000 ---p 00000000 00:00 0 
76abb5cfe000-76abb5dfe000 rw-p 00000000 00:00 0 
76abb5dfe000-76abb5dff000 ---p 00000000 00:00 0 
76abb5dff000-76abb5eff000 rw-p 00000000 00:00 0 
76abb5eff000-76abb5f00000 ---p 00000000 00:00 0 
76abb5f00000-76abb6000000 rw-p 00000000 00:00 0 
76abb6000000-76abb8021000 rw-p 00000000 00:00 0 
76abb8021000-76abbc000000 ---p 00000000 00:00 0 
76abbc000000-76abbc021000 rw-p 00000000 00:00 0 
76abbc021000-76abc0000000 ---p 00000000 00:00 0 
76abc0000000-76abc0021000 rw-p 00000000 00:00 0 
76abc0021000-76abc4000000 ---p 00000000 00:00 0 
76abc40f7000-76abc4a00000 rw-p 00000000 00:00 0 
76abc4a00000-76abc4c70000 rwxp 00000000 00:00 0 
76abc4c70000-76abcbf37000 ---p 00000000 00:00 0 
76abcbf37000-76abcc1a7000 rwxp 00000000 00:00 0 
76abcc1a7000-76abcc4c8000 ---p 00000000 00:00 0 
76abcc4c8000-76abcc738000 rwxp 00000000 00:00 0 
76abcc738000-76abd3a00000 ---p 00000000 00:00 0 
76abd3a00000-76abd7e2c000 r--s 00000000 08:12 10512005                   /home/vadprog/Downloads/Idea/idea-IU-251.25410.129/jbr/lib/modules
76abd7eff000-76abd8747000 rw-p 00000000 00:00 0 
76abd8747000-76abdc000000 ---p 00000000 00:00 0 
76abdc03a000-76abdc03b000 r--p 00000000 08:12 10511086                   /home/vadprog/Downloads/Idea/idea-IU-251.25410.129/jbr/lib/libsimdsort.so
76abdc03b000-76abdc074000 r-xp 00001000 08:12 10511086                   /home/vadprog/Downloads/Idea/idea-IU-251.25410.129/jbr/lib/libsimdsort.so
76abdc074000-76abdc07a000 r--p 0003a000 08:12 10511086                   /home/vadprog/Downloads/Idea/idea-IU-251.25410.129/jbr/lib/libsimdsort.so
76abdc07a000-76abdc07b000 r--p 0003f000 08:12 10511086                   /home/vadprog/Downloads/Idea/idea-IU-251.25410.129/jbr/lib/libsimdsort.so
76abdc07b000-76abdc0fd000 rw-p 00000000 00:00 0 
76abdc0fd000-76abdc0fe000 ---p 00000000 00:00 0 
76abdc0fe000-76abdc1fe000 rw-p 00000000 00:00 0 
76abdc1fe000-76abdc1ff000 ---p 00000000 00:00 0 
76abdc1ff000-76abdc2ff000 rw-p 00000000 00:00 0 
76abdc2ff000-76abdc300000 ---p 00000000 00:00 0 
76abdc300000-76abdc400000 rw-p 00000000 00:00 0 
76abdc400000-76abdc600000 rw-p 00000000 00:00 0 
76abdc600000-76abde3f4000 ---p 00000000 00:00 0 
76abde3f4000-76abde3fc000 rw-p 00000000 00:00 0 
76abde3fc000-76abde440000 rw-p 00000000 00:00 0 
76abde440000-76abde7fe000 ---p 00000000 00:00 0 
76abde7fe000-76abde840000 rw-p 00000000 00:00 0 
76abde840000-76abdebfe000 ---p 00000000 00:00 0 
76abdebfe000-76abdec00000 rw-p 00000000 00:00 0 
76abdec1f000-76abdec21000 r--p 00000000 08:12 10511950                   /home/vadprog/Downloads/Idea/idea-IU-251.25410.129/jbr/lib/libzip.so
76abdec21000-76abdec25000 r-xp 00002000 08:12 10511950                   /home/vadprog/Downloads/Idea/idea-IU-251.25410.129/jbr/lib/libzip.so
76abdec25000-76abdec27000 r--p 00006000 08:12 10511950                   /home/vadprog/Downloads/Idea/idea-IU-251.25410.129/jbr/lib/libzip.so
76abdec27000-76abdec28000 r--p 00007000 08:12 10511950                   /home/vadprog/Downloads/Idea/idea-IU-251.25410.129/jbr/lib/libzip.so
76abdec28000-76abdec29000 rw-p 00000000 00:00 0 
76abdec29000-76abdec2b000 r--p 00000000 08:12 10512096                   /home/vadprog/Downloads/Idea/idea-IU-251.25410.129/jbr/lib/libnet.so
76abdec2b000-76abdec33000 r-xp 00002000 08:12 10512096                   /home/vadprog/Downloads/Idea/idea-IU-251.25410.129/jbr/lib/libnet.so
76abdec33000-76abdec35000 r--p 0000a000 08:12 10512096                   /home/vadprog/Downloads/Idea/idea-IU-251.25410.129/jbr/lib/libnet.so
76abdec35000-76abdec36000 r--p 0000b000 08:12 10512096                   /home/vadprog/Downloads/Idea/idea-IU-251.25410.129/jbr/lib/libnet.so
76abdec36000-76abdf646000 rw-p 00000000 00:00 0 
76abdf646000-76abdf72c000 ---p 00000000 00:00 0 
76abdf72c000-76abdf731000 rw-p 00000000 00:00 0 
76abdf731000-76abdf817000 ---p 00000000 00:00 0 
76abdf817000-76abdf81b000 ---p 00000000 00:00 0 
76abdf81b000-76abdf917000 rw-p 00000000 00:00 0 
76abdf917000-76abdf927000 r--p 00000000 08:12 7870908                    /usr/lib/x86_64-linux-gnu/libm.so.6
76abdf927000-76abdf9a6000 r-xp 00010000 08:12 7870908                    /usr/lib/x86_64-linux-gnu/libm.so.6
76abdf9a6000-76abdf9fe000 r--p 0008f000 08:12 7870908                    /usr/lib/x86_64-linux-gnu/libm.so.6
76abdf9fe000-76abdf9ff000 r--p 000e7000 08:12 7870908                    /usr/lib/x86_64-linux-gnu/libm.so.6
76abdf9ff000-76abdfa00000 rw-p 000e8000 08:12 7870908                    /usr/lib/x86_64-linux-gnu/libm.so.6
76abdfa00000-76abdfcdc000 r--p 00000000 08:12 10511005                   /home/vadprog/Downloads/Idea/idea-IU-251.25410.129/jbr/lib/server/libjvm.so
76abdfcdc000-76abe0c6d000 r-xp 002dc000 08:12 10511005                   /home/vadprog/Downloads/Idea/idea-IU-251.25410.129/jbr/lib/server/libjvm.so
76abe0c6d000-76abe0f89000 r--p 0126d000 08:12 10511005                   /home/vadprog/Downloads/Idea/idea-IU-251.25410.129/jbr/lib/server/libjvm.so
76abe0f89000-76abe0f8a000 ---p 01589000 08:12 10511005                   /home/vadprog/Downloads/Idea/idea-IU-251.25410.129/jbr/lib/server/libjvm.so
76abe0f8a000-76abe1073000 r--p 01589000 08:12 10511005                   /home/vadprog/Downloads/Idea/idea-IU-251.25410.129/jbr/lib/server/libjvm.so
76abe1073000-76abe109e000 rw-p 01672000 08:12 10511005                   /home/vadprog/Downloads/Idea/idea-IU-251.25410.129/jbr/lib/server/libjvm.so
76abe109e000-76abe112a000 rw-p 00000000 00:00 0 
76abe112c000-76abe1133000 r--p 00000000 08:12 10511085                   /home/vadprog/Downloads/Idea/idea-IU-251.25410.129/jbr/lib/libnio.so
76abe1133000-76abe113c000 r-xp 00007000 08:12 10511085                   /home/vadprog/Downloads/Idea/idea-IU-251.25410.129/jbr/lib/libnio.so
76abe113c000-76abe1140000 r--p 00010000 08:12 10511085                   /home/vadprog/Downloads/Idea/idea-IU-251.25410.129/jbr/lib/libnio.so
76abe1140000-76abe1141000 ---p 00014000 08:12 10511085                   /home/vadprog/Downloads/Idea/idea-IU-251.25410.129/jbr/lib/libnio.so
76abe1141000-76abe1142000 r--p 00014000 08:12 10511085                   /home/vadprog/Downloads/Idea/idea-IU-251.25410.129/jbr/lib/libnio.so
76abe1142000-76abe1143000 rw-p 00015000 08:12 10511085                   /home/vadprog/Downloads/Idea/idea-IU-251.25410.129/jbr/lib/libnio.so
76abe1143000-76abe1200000 rw-p 00000000 00:00 0 
76abe1200000-76abe1228000 r--p 00000000 08:12 7870905                    /usr/lib/x86_64-linux-gnu/libc.so.6
76abe1228000-76abe13b0000 r-xp 00028000 08:12 7870905                    /usr/lib/x86_64-linux-gnu/libc.so.6
76abe13b0000-76abe13ff000 r--p 001b0000 08:12 7870905                    /usr/lib/x86_64-linux-gnu/libc.so.6
76abe13ff000-76abe1403000 r--p 001fe000 08:12 7870905                    /usr/lib/x86_64-linux-gnu/libc.so.6
76abe1403000-76abe1405000 rw-p 00202000 08:12 7870905                    /usr/lib/x86_64-linux-gnu/libc.so.6
76abe1405000-76abe1412000 rw-p 00000000 00:00 0 
76abe1417000-76abe14a1000 rw-p 00000000 00:00 0 
76abe14a1000-76abe14a8000 ---p 00000000 00:00 0 
76abe14a8000-76abe14b4000 r--p 00000000 08:12 10511010                   /home/vadprog/Downloads/Idea/idea-IU-251.25410.129/jbr/lib/libjava.so
76abe14b4000-76abe14c2000 r-xp 0000c000 08:12 10511010                   /home/vadprog/Downloads/Idea/idea-IU-251.25410.129/jbr/lib/libjava.so
76abe14c2000-76abe14c7000 r--p 0001a000 08:12 10511010                   /home/vadprog/Downloads/Idea/idea-IU-251.25410.129/jbr/lib/libjava.so
76abe14c7000-76abe14c8000 ---p 0001f000 08:12 10511010                   /home/vadprog/Downloads/Idea/idea-IU-251.25410.129/jbr/lib/libjava.so
76abe14c8000-76abe14c9000 r--p 0001f000 08:12 10511010                   /home/vadprog/Downloads/Idea/idea-IU-251.25410.129/jbr/lib/libjava.so
76abe14c9000-76abe14ca000 rw-p 00020000 08:12 10511010                   /home/vadprog/Downloads/Idea/idea-IU-251.25410.129/jbr/lib/libjava.so
76abe14ca000-76abe14cb000 rw-p 00000000 00:00 0 
76abe14cb000-76abe14ce000 r--p 00000000 08:12 10512101                   /home/vadprog/Downloads/Idea/idea-IU-251.25410.129/jbr/lib/libjimage.so
76abe14ce000-76abe14e2000 r-xp 00003000 08:12 10512101                   /home/vadprog/Downloads/Idea/idea-IU-251.25410.129/jbr/lib/libjimage.so
76abe14e2000-76abe14e8000 r--p 00017000 08:12 10512101                   /home/vadprog/Downloads/Idea/idea-IU-251.25410.129/jbr/lib/libjimage.so
76abe14e8000-76abe14e9000 ---p 0001d000 08:12 10512101                   /home/vadprog/Downloads/Idea/idea-IU-251.25410.129/jbr/lib/libjimage.so
76abe14e9000-76abe14eb000 r--p 0001d000 08:12 10512101                   /home/vadprog/Downloads/Idea/idea-IU-251.25410.129/jbr/lib/libjimage.so
76abe14eb000-76abe14ec000 rw-p 0001f000 08:12 10512101                   /home/vadprog/Downloads/Idea/idea-IU-251.25410.129/jbr/lib/libjimage.so
76abe14ec000-76abe14ed000 r--p 00000000 08:12 7870919                    /usr/lib/x86_64-linux-gnu/librt.so.1
76abe14ed000-76abe14ee000 r-xp 00001000 08:12 7870919                    /usr/lib/x86_64-linux-gnu/librt.so.1
76abe14ee000-76abe14ef000 r--p 00002000 08:12 7870919                    /usr/lib/x86_64-linux-gnu/librt.so.1
76abe14ef000-76abe14f0000 r--p 00002000 08:12 7870919                    /usr/lib/x86_64-linux-gnu/librt.so.1
76abe14f0000-76abe14f1000 rw-p 00003000 08:12 7870919                    /usr/lib/x86_64-linux-gnu/librt.so.1
76abe14f1000-76abe14f5000 rw-p 00000000 00:00 0 
76abe14f5000-76abe14f6000 r--p 00000000 08:12 7870917                    /usr/lib/x86_64-linux-gnu/libpthread.so.0
76abe14f6000-76abe14f7000 r-xp 00001000 08:12 7870917                    /usr/lib/x86_64-linux-gnu/libpthread.so.0
76abe14f7000-76abe14f8000 r--p 00002000 08:12 7870917                    /usr/lib/x86_64-linux-gnu/libpthread.so.0
76abe14f8000-76abe14f9000 r--p 00002000 08:12 7870917                    /usr/lib/x86_64-linux-gnu/libpthread.so.0
76abe14f9000-76abe14fa000 rw-p 00003000 08:12 7870917                    /usr/lib/x86_64-linux-gnu/libpthread.so.0
76abe14fa000-76abe14fb000 r--p 00000000 08:12 7870907                    /usr/lib/x86_64-linux-gnu/libdl.so.2
76abe14fb000-76abe14fc000 r-xp 00001000 08:12 7870907                    /usr/lib/x86_64-linux-gnu/libdl.so.2
76abe14fc000-76abe14fd000 r--p 00002000 08:12 7870907                    /usr/lib/x86_64-linux-gnu/libdl.so.2
76abe14fd000-76abe14fe000 r--p 00002000 08:12 7870907                    /usr/lib/x86_64-linux-gnu/libdl.so.2
76abe14fe000-76abe14ff000 rw-p 00003000 08:12 7870907                    /usr/lib/x86_64-linux-gnu/libdl.so.2
76abe14ff000-76abe1501000 r--p 00000000 08:12 7869723                    /usr/lib/x86_64-linux-gnu/libz.so.1.3
76abe1501000-76abe1513000 r-xp 00002000 08:12 7869723                    /usr/lib/x86_64-linux-gnu/libz.so.1.3
76abe1513000-76abe1519000 r--p 00014000 08:12 7869723                    /usr/lib/x86_64-linux-gnu/libz.so.1.3
76abe1519000-76abe151a000 r--p 0001a000 08:12 7869723                    /usr/lib/x86_64-linux-gnu/libz.so.1.3
76abe151a000-76abe151b000 rw-p 0001b000 08:12 7869723                    /usr/lib/x86_64-linux-gnu/libz.so.1.3
76abe151d000-76abe1524000 r--s 00000000 08:12 7870895                    /usr/lib/x86_64-linux-gnu/gconv/gconv-modules.cache
76abe1524000-76abe152c000 rw-s 00000000 08:12 6555976                    /tmp/hsperfdata_vadprog/74301
76abe152c000-76abe152d000 ---p 00000000 00:00 0 
76abe152d000-76abe152e000 r--p 00000000 00:00 0 
76abe152e000-76abe152f000 ---p 00000000 00:00 0 
76abe152f000-76abe1531000 r--p 00000000 08:12 10511061                   /home/vadprog/Downloads/Idea/idea-IU-251.25410.129/jbr/lib/libjli.so
76abe1531000-76abe153b000 r-xp 00002000 08:12 10511061                   /home/vadprog/Downloads/Idea/idea-IU-251.25410.129/jbr/lib/libjli.so
76abe153b000-76abe153e000 r--p 0000c000 08:12 10511061                   /home/vadprog/Downloads/Idea/idea-IU-251.25410.129/jbr/lib/libjli.so
76abe153e000-76abe153f000 ---p 0000f000 08:12 10511061                   /home/vadprog/Downloads/Idea/idea-IU-251.25410.129/jbr/lib/libjli.so
76abe153f000-76abe1540000 r--p 0000f000 08:12 10511061                   /home/vadprog/Downloads/Idea/idea-IU-251.25410.129/jbr/lib/libjli.so
76abe1540000-76abe1541000 rw-p 00010000 08:12 10511061                   /home/vadprog/Downloads/Idea/idea-IU-251.25410.129/jbr/lib/libjli.so
76abe1541000-76abe1543000 rw-p 00000000 00:00 0 
76abe1543000-76abe1544000 r--p 00000000 08:12 7870902                    /usr/lib/x86_64-linux-gnu/ld-linux-x86-64.so.2
76abe1544000-76abe156f000 r-xp 00001000 08:12 7870902                    /usr/lib/x86_64-linux-gnu/ld-linux-x86-64.so.2
76abe156f000-76abe1579000 r--p 0002c000 08:12 7870902                    /usr/lib/x86_64-linux-gnu/ld-linux-x86-64.so.2
76abe1579000-76abe157b000 r--p 00036000 08:12 7870902                    /usr/lib/x86_64-linux-gnu/ld-linux-x86-64.so.2
76abe157b000-76abe157d000 rw-p 00038000 08:12 7870902                    /usr/lib/x86_64-linux-gnu/ld-linux-x86-64.so.2
7ffddb0cf000-7ffddb0f1000 rw-p 00000000 00:00 0                          [stack]
7ffddb1cc000-7ffddb1d0000 r--p 00000000 00:00 0                          [vvar]
7ffddb1d0000-7ffddb1d2000 r-xp 00000000 00:00 0                          [vdso]
ffffffffff600000-ffffffffff601000 --xp 00000000 00:00 0                  [vsyscall]
Total number of mappings: 228

JVMTI agents: none


VM Arguments:
jvm_args: -Djava.rmi.server.hostname=127.0.0.1 -Duser.timezone=UTC -Xmx2048m -Xms128m --add-exports=java.desktop/sun.awt=ALL-UNNAMED --add-exports=java.desktop/java.awt.peer=ALL-UNNAMED --add-opens=java.desktop/java.awt=ALL-UNNAMED --add-opens=jdk.unsupported/sun.misc=ALL-UNNAMED --add-opens=java.base/java.nio=ALL-UNNAMED --add-opens=java.base/java.util=ALL-UNNAMED -Dfile.encoding=UTF-8 -Dsun.stdout.encoding=UTF-8 -Dsun.stderr.encoding=UTF-8 -Dawt.toolkit.name=XToolkit 
java_command: com.intellij.database.remote.RemoteJdbcServer org.postgresql.Driver
java_class_path (initial): /home/vadprog/Downloads/Idea/idea-IU-251.25410.129/lib/util_rt.jar:/home/vadprog/Downloads/Idea/idea-IU-251.25410.129/lib/intellij.libraries.fastutil.jar:/home/vadprog/Downloads/Idea/idea-IU-251.25410.129/lib/groovy.jar:/home/vadprog/Downloads/Idea/idea-IU-251.25410.129/plugins/DatabaseTools/lib/modules/intellij.database.jdbcConsole.jar:/home/vadprog/Downloads/Idea/idea-IU-251.25410.129/lib/intellij.grid.types.jar:/home/vadprog/Downloads/Idea/idea-IU-251.25410.129/lib/intellij.libraries.jbr.jar:/home/vadprog/Downloads/Idea/idea-IU-251.25410.129/lib/intellij.libraries.bouncy.castle.provider.jar
Launcher Type: SUN_STANDARD

[Global flags]
     intx CICompilerCount                          = 4                                         {product} {ergonomic}
     uint ConcGCThreads                            = 3                                         {product} {ergonomic}
     uint G1ConcRefinementThreads                  = 10                                        {product} {ergonomic}
   size_t G1HeapRegionSize                         = 1048576                                   {product} {ergonomic}
   size_t InitialHeapSize                          = 134217728                                 {product} {command line}
   size_t MarkStackSize                            = 4194304                                   {product} {ergonomic}
   size_t MarkStackSizeMax                         = 536870912                                 {product} {ergonomic}
   size_t MaxHeapSize                              = 2147483648                                {product} {command line}
   size_t MaxNewSize                               = 1287651328                                {product} {ergonomic}
   size_t MinHeapDeltaBytes                        = 1048576                                   {product} {ergonomic}
   size_t MinHeapSize                              = 134217728                                 {product} {command line}
    uintx NonNMethodCodeHeapSize                   = 5836800                                {pd product} {ergonomic}
    uintx NonProfiledCodeHeapSize                  = 122912768                              {pd product} {ergonomic}
    uintx ProfiledCodeHeapSize                     = 122908672                              {pd product} {ergonomic}
    uintx ReservedCodeCacheSize                    = 251658240                              {pd product} {ergonomic}
     bool SegmentedCodeCache                       = true                                      {product} {ergonomic}
   size_t SoftMaxHeapSize                          = 2147483648                             {manageable} {ergonomic}
     bool UseCompressedOops                        = true                           {product lp64_product} {ergonomic}
     bool UseG1GC                                  = true                                      {product} {ergonomic}

Logging:
Log output configuration:
 #0: stdout all=warning uptime,level,tags foldmultilines=false
 #1: stderr all=off uptime,level,tags foldmultilines=false

Release file:
JAVA_VERSION="25.0.2"
MODULES="java.base java.datatransfer java.xml java.prefs java.desktop gluegen.rt java.compiler java.instrument java.logging java.management java.security.sasl java.naming java.rmi java.management.rmi java.net.http java.scripting java.security.jgss java.transaction.xa java.sql java.sql.rowset java.xml.crypto java.se java.smartcardio jogl.all jcef jdk.accessibility jdk.internal.jvmstat jdk.attach jdk.charsets jdk.internal.opt jdk.zipfs jdk.compiler jdk.crypto.cryptoki jdk.crypto.ec jdk.dynalink jdk.hotspot.agent jdk.httpserver jdk.internal.ed jdk.internal.le jdk.internal.md jdk.internal.vm.ci jdk.javadoc jdk.jcmd jdk.jdwp.agent jdk.jdi jdk.jfr jdk.localedata jdk.management jdk.management.agent jdk.management.jfr jdk.naming.dns jdk.naming.rmi jdk.net jdk.sctp jdk.security.auth jdk.security.jgss jdk.unsupported jdk.unsupported.desktop jdk.xml.dom"
IMPLEMENTOR="JetBrains s.r.o."
IMPLEMENTOR_VERSION="JBR-25.0.2+10-329.72-jcef"
JAVA_RUNTIME_VERSION="25.0.2+10-b329.72"
LIBC="gnu"
OS_ARCH="x86_64"
OS_NAME="Linux"
SOURCE=".:git:80f896300e04+ jcef_git:git:4a605f44671a"
JCEF_VERSION="137.0.17.1131+ga492f5c"
JCEF_COMMIT_HASH="a492f5c1bbe877d2f58d4b066d0a1c89ab579b84"
JCEF_VERSION_DETAILED=137.0.17-gf354b0e-chromium-137.0.7151.104-api-1.21-261-b65

Environment Variables:
PATH=/usr/local/sbin:/usr/local/bin:/usr/sbin:/usr/bin:/sbin:/bin:/usr/games:/usr/local/games:/snap/bin
SHELL=/bin/bash
DISPLAY=:0
LANG=en_US.UTF-8
LC_NUMERIC=ru_RU.UTF-8
LC_TIME=en_US.UTF-8

Active Locale:
LC_ALL=LC_CTYPE=en_US.UTF-8;LC_NUMERIC=ru_RU.UTF-8;LC_TIME=en_US.UTF-8;LC_COLLATE=en_US.UTF-8;LC_MONETARY=ru_RU.UTF-8;LC_MESSAGES=en_US.UTF-8;LC_PAPER=ru_RU.UTF-8;LC_NAME=ru_RU.UTF-8;LC_ADDRESS=ru_RU.UTF-8;LC_TELEPHONE=ru_RU.UTF-8;LC_MEASUREMENT=ru_RU.UTF-8;LC_IDENTIFICATION=ru_RU.UTF-8
LC_COLLATE=en_US.UTF-8
LC_CTYPE=en_US.UTF-8
LC_MESSAGES=en_US.UTF-8
LC_MONETARY=ru_RU.UTF-8
LC_NUMERIC=ru_RU.UTF-8
LC_TIME=en_US.UTF-8

Signal Handlers:
   SIGSEGV: crash_handler in libjvm.so, mask=11100100010111111101111111111110, flags=SA_RESTART|SA_SIGINFO, unblocked
    SIGBUS: crash_handler in libjvm.so, mask=11100100010111111101111111111110, flags=SA_RESTART|SA_SIGINFO, unblocked
    SIGFPE: crash_handler in libjvm.so, mask=11100100010111111101111111111110, flags=SA_RESTART|SA_SIGINFO, unblocked
   SIGPIPE: javaSignalHandler in libjvm.so, mask=11100100010111111101111111111110, flags=SA_RESTART|SA_SIGINFO, blocked
   SIGXFSZ: javaSignalHandler in libjvm.so, mask=11100100010111111101111111111110, flags=SA_RESTART|SA_SIGINFO, blocked
    SIGILL: crash_handler in libjvm.so, mask=11100100010111111101111111111110, flags=SA_RESTART|SA_SIGINFO, unblocked
   SIGUSR2: SR_handler in libjvm.so, mask=00000000000000000000000000000000, flags=SA_RESTART|SA_SIGINFO, blocked
    SIGHUP: UserHandler in libjvm.so, mask=11100100010111111101111111111110, flags=SA_RESTART|SA_SIGINFO, blocked
    SIGINT: UserHandler in libjvm.so, mask=11100100010111111101111111111110, flags=SA_RESTART|SA_SIGINFO, blocked
   SIGTERM: UserHandler in libjvm.so, mask=11100100010111111101111111111110, flags=SA_RESTART|SA_SIGINFO, blocked
   SIGQUIT: UserHandler in libjvm.so, mask=11100100010111111101111111111110, flags=SA_RESTART|SA_SIGINFO, blocked
   SIGTRAP: crash_handler in libjvm.so, mask=11100100010111111101111111111110, flags=SA_RESTART|SA_SIGINFO, unblocked


Compilation memory statistics disabled.

Periodic native trim disabled

JNI global refs:
JNI global refs: 9, weak refs: 0

JNI global refs memory usage: 859, weak refs: 857

Process memory usage:
Resident Set Size: 141656K (0% of 32721240K total physical memory with 22058740K free physical memory)

OOME stack traces (most recent first):
Classloader memory used:
Loader jdk.internal.loader.ClassLoaders$AppClassLoader                                 : 2389 K
Loader bootstrap                                                                       : 694 K

---------------  S Y S T E M  ---------------

OS:
DISTRIB_ID=LinuxMint
DISTRIB_RELEASE=22.3
DISTRIB_CODENAME=zena
DISTRIB_DESCRIPTION="Linux Mint 22.3 Zena"
uname: Linux 6.8.0-111-generic #111-Ubuntu SMP PREEMPT_DYNAMIC Sat Apr 11 23:16:02 UTC 2026 x86_64
OS uptime: 0 days 7:27 hours
libc: glibc 2.39 NPTL 2.39 
rlimit (soft/hard): STACK 8192k/infinity , CORE 0k/infinity , NPROC 127468/127468 , NOFILE 1048576/1048576 , AS infinity/infinity , CPU infinity/infinity , DATA infinity/infinity , FSIZE infinity/infinity , MEMLOCK 4090152k/4090152k
load average: 3,96 4,09 3,84

/proc/meminfo:
MemTotal:       32721240 kB
MemFree:        10030292 kB
MemAvailable:   22058740 kB
Buffers:          773672 kB
Cached:         11214388 kB
SwapCached:            0 kB
Active:         14992036 kB
Inactive:        5589996 kB
Active(anon):    8747136 kB
Inactive(anon):        0 kB
Active(file):    6244900 kB
Inactive(file):  5589996 kB
Unevictable:          80 kB
Mlocked:              80 kB
SwapTotal:       2097148 kB
SwapFree:        2097148 kB
Zswap:                 0 kB
Zswapped:              0 kB
Dirty:               484 kB
Writeback:             0 kB
AnonPages:       8594244 kB
Mapped:          2638556 kB
Shmem:            153156 kB
KReclaimable:     662748 kB
Slab:             992596 kB
SReclaimable:     662748 kB
SUnreclaim:       329848 kB
KernelStack:       32404 kB
PageTables:        85812 kB
SecPageTables:         0 kB
NFS_Unstable:          0 kB
Bounce:                0 kB
WritebackTmp:          0 kB
CommitLimit:    18457768 kB
Committed_AS:   33063640 kB
VmallocTotal:   34359738367 kB
VmallocUsed:      142592 kB
VmallocChunk:          0 kB
Percpu:            12768 kB
HardwareCorrupted:     0 kB
AnonHugePages:         0 kB
ShmemHugePages:        0 kB
ShmemPmdMapped:        0 kB
FileHugePages:         0 kB
FilePmdMapped:         0 kB
Unaccepted:            0 kB
HugePages_Total:       0
HugePages_Free:        0
HugePages_Rsvd:        0
HugePages_Surp:        0
Hugepagesize:       2048 kB
Hugetlb:               0 kB
DirectMap4k:     1390848 kB
DirectMap2M:    17340416 kB
DirectMap1G:    16777216 kB

/sys/kernel/mm/transparent_hugepage/enabled: always [madvise] never
/sys/kernel/mm/transparent_hugepage/hpage_pmd_size: 2097152
/sys/kernel/mm/transparent_hugepage/shmem_enabled: always within_size advise [never] deny force
/sys/kernel/mm/transparent_hugepage/defrag (defrag/compaction efforts parameter): always defer defer+madvise [madvise] never

Process Memory:
Virtual Size: 5156120K (peak: 5222756K)
Resident Set Size: 141736K (peak: 141736K) (anon: 111036K, file: 30700K, shmem: 0K)
Swapped out: 0K
C-Heap outstanding allocations: 40265K, retained: 15050K
glibc malloc tunables: (default)

/proc/sys/kernel/threads-max (system-wide limit on the number of threads): 254936
/proc/sys/vm/max_map_count (maximum number of memory map areas a process may have): 1048576
/proc/sys/vm/swappiness (control to define how aggressively the kernel swaps out anonymous memory): 60
/proc/sys/kernel/pid_max (system-wide limit on number of process identifiers): 4194304

container information not found.
Steal ticks since vm start: 0
Steal ticks percentage since vm start:  0,000

CPU: total 12 (initial active 12) (6 cores per cpu, 2 threads per core) family 6 model 151 stepping 5 microcode 0x3e, cx8, cmov, fxsr, ht, mmx, 3dnowpref, sse, sse2, sse3, ssse3, sse4.1, sse4.2, popcnt, lzcnt, tsc, tscinvbit, avx, avx2, aes, erms, clmul, bmi1, bmi2, adx, sha, fma, vzeroupper, clflush, clflushopt, clwb, serialize, rdtscp, rdpid, fsrm, gfni, f16c, pku, ospke, cet_ibt, cet_ss
CPU Model and flags from /proc/cpuinfo:
model name	: 12th Gen Intel(R) Core(TM) i5-12400F
flags		: fpu vme de pse tsc msr pae mce cx8 apic sep mtrr pge mca cmov pat pse36 clflush dts acpi mmx fxsr sse sse2 ss ht tm pbe syscall nx pdpe1gb rdtscp lm constant_tsc art arch_perfmon pebs bts rep_good nopl xtopology nonstop_tsc cpuid aperfmperf tsc_known_freq pni pclmulqdq dtes64 monitor ds_cpl vmx est tm2 ssse3 sdbg fma cx16 xtpr pdcm pcid sse4_1 sse4_2 x2apic movbe popcnt tsc_deadline_timer aes xsave avx f16c rdrand lahf_lm abm 3dnowprefetch cpuid_fault ssbd ibrs ibpb stibp ibrs_enhanced tpr_shadow flexpriority ept vpid ept_ad fsgsbase tsc_adjust bmi1 avx2 smep bmi2 erms invpcid rdseed adx smap clflushopt clwb intel_pt sha_ni xsaveopt xsavec xgetbv1 xsaves split_lock_detect user_shstk avx_vnni dtherm ida arat pln pts hwp hwp_notify hwp_act_window hwp_epp hwp_pkg_req hfi vnmi umip pku ospke waitpkg gfni vaes vpclmulqdq rdpid movdiri movdir64b fsrm md_clear serialize arch_lbr ibt flush_l1d arch_capabilities ibpb_exit_to_user

Online cpus: 0-11
Offline cpus: 
BIOS frequency limitation: <Not Available>
Frequency switch latency (ns): 0
Available cpu frequencies: <Not Available>
Current governor: powersave
Core performance/turbo boost: <Not Available>

Memory: 4k page, physical 32721240k(22058740k free), swap 2097148k(2097148k free)
Page Sizes: 4k

vm_info: OpenJDK 64-Bit Server VM (25.0.2+10-b329.72) for linux-amd64 JRE (25.0.2+10-b329.72), built on 2026-03-02 with gcc 10.3.1 20210422 (Red Hat 10.3.1-1.2.0.1)

END.
